<?xml version="1.0" encoding="UTF-8"?>
<coverage generated="1739625692304" clover="3.2.0">
  <project timestamp="1739625692304" name="All files">
    <metrics statements="186" coveredstatements="110" conditionals="133" coveredconditionals="80" methods="140" coveredmethods="80" elements="459" coveredelements="270" complexity="0" loc="186" ncloc="186" packages="1" files="1" classes="1"/>
    <file name="mce.js" path="C:\Users\Admin\Documents\Code\homework11\mce-typed\src\mce.js">
      <metrics statements="186" coveredstatements="110" conditionals="133" coveredconditionals="80" methods="140" coveredmethods="80"/>
      <line num="2" count="1" type="stmt"/>
      <line num="3" count="1" type="stmt"/>
      <line num="4" count="1" type="stmt"/>
      <line num="5" count="1" type="stmt"/>
      <line num="6" count="1" type="stmt"/>
      <line num="7" count="1" type="stmt"/>
      <line num="8" count="1" type="stmt"/>
      <line num="9" count="1" type="stmt"/>
      <line num="10" count="1" type="stmt"/>
      <line num="11" count="1" type="stmt"/>
      <line num="12" count="1" type="stmt"/>
      <line num="16" count="3" type="stmt"/>
      <line num="17" count="3" type="cond" truecount="6" falsecount="0"/>
      <line num="22" count="12" type="stmt"/>
      <line num="23" count="12" type="cond" truecount="7" falsecount="0"/>
      <line num="28" count="56" type="cond" truecount="2" falsecount="0"/>
      <line num="31" count="19" type="stmt"/>
      <line num="34" count="11" type="stmt"/>
      <line num="37" count="0" type="stmt"/>
      <line num="40" count="1" type="cond" truecount="1" falsecount="1"/>
      <line num="44" count="0" type="stmt"/>
      <line num="47" count="2" type="stmt"/>
      <line num="50" count="3" type="stmt"/>
      <line num="53" count="1" type="stmt"/>
      <line num="56" count="3" type="stmt"/>
      <line num="59" count="3" type="stmt"/>
      <line num="62" count="4" type="cond" truecount="2" falsecount="0"/>
      <line num="66" count="4" type="stmt"/>
      <line num="69" count="4" type="stmt"/>
      <line num="72" count="5" type="stmt"/>
      <line num="76" count="10" type="stmt"/>
      <line num="79" count="8" type="stmt"/>
      <line num="82" count="1" type="stmt"/>
      <line num="85" count="3" type="stmt"/>
      <line num="86" count="3" type="stmt"/>
      <line num="87" count="3" type="cond" truecount="1" falsecount="1"/>
      <line num="93" count="1" type="stmt"/>
      <line num="98" count="0" type="stmt"/>
      <line num="102" count="0" type="stmt"/>
      <line num="105" count="0" type="stmt"/>
      <line num="108" count="1" type="stmt"/>
      <line num="111" count="1" type="stmt"/>
      <line num="117" count="1" type="stmt"/>
      <line num="121" count="0" type="stmt"/>
      <line num="125" count="12" type="cond" truecount="2" falsecount="0"/>
      <line num="132" count="3" type="cond" truecount="1" falsecount="1"/>
      <line num="147" count="19" type="cond" truecount="2" falsecount="0"/>
      <line num="161" count="9" type="stmt"/>
      <line num="167" count="19" type="cond" truecount="2" falsecount="0"/>
      <line num="194" count="3" type="cond" truecount="1" falsecount="1"/>
      <line num="195" count="0" type="stmt"/>
      <line num="197" count="3" type="cond" truecount="1" falsecount="1"/>
      <line num="198" count="0" type="stmt"/>
      <line num="199" count="0" type="cond" truecount="0" falsecount="2"/>
      <line num="204" count="3" type="stmt"/>
      <line num="208" count="6" type="stmt"/>
      <line num="211" count="1" type="cond" truecount="0" falsecount="2"/>
      <line num="216" count="0" type="cond" truecount="0" falsecount="2"/>
      <line num="217" count="0" type="stmt"/>
      <line num="219" count="0" type="cond" truecount="0" falsecount="2"/>
      <line num="220" count="0" type="stmt"/>
      <line num="223" count="0" type="stmt"/>
      <line num="224" count="0" type="cond" truecount="0" falsecount="2"/>
      <line num="225" count="0" type="stmt"/>
      <line num="228" count="0" type="stmt"/>
      <line num="233" count="2" type="cond" truecount="1" falsecount="1"/>
      <line num="240" count="0" type="stmt"/>
      <line num="241" count="0" type="stmt"/>
      <line num="242" count="0" type="stmt"/>
      <line num="243" count="0" type="stmt"/>
      <line num="246" count="2" type="stmt"/>
      <line num="249" count="0" type="stmt"/>
      <line num="252" count="0" type="stmt"/>
      <line num="253" count="0" type="stmt"/>
      <line num="254" count="0" type="stmt"/>
      <line num="257" count="1" type="stmt"/>
      <line num="258" count="1" type="stmt"/>
      <line num="262" count="68" type="cond" truecount="2" falsecount="0"/>
      <line num="265" count="19" type="stmt"/>
      <line num="268" count="6" type="stmt"/>
      <line num="271" count="0" type="stmt"/>
      <line num="274" count="13" type="stmt"/>
      <line num="277" count="2" type="stmt"/>
      <line num="280" count="9" type="stmt"/>
      <line num="283" count="0" type="stmt"/>
      <line num="286" count="0" type="stmt"/>
      <line num="289" count="0" type="stmt"/>
      <line num="292" count="3" type="cond" truecount="2" falsecount="0"/>
      <line num="296" count="3" type="stmt"/>
      <line num="299" count="1" type="cond" truecount="1" falsecount="1"/>
      <line num="300" count="1" type="stmt"/>
      <line num="303" count="0" type="stmt"/>
      <line num="307" count="0" type="stmt"/>
      <line num="310" count="1" type="stmt"/>
      <line num="313" count="0" type="stmt"/>
      <line num="316" count="0" type="stmt"/>
      <line num="319" count="0" type="stmt"/>
      <line num="322" count="1" type="stmt"/>
      <line num="325" count="0" type="stmt"/>
      <line num="328" count="0" type="stmt"/>
      <line num="331" count="0" type="stmt"/>
      <line num="334" count="0" type="stmt"/>
      <line num="337" count="1" type="stmt"/>
      <line num="340" count="0" type="stmt"/>
      <line num="343" count="2" type="stmt"/>
      <line num="346" count="1" type="stmt"/>
      <line num="349" count="0" type="stmt"/>
      <line num="352" count="0" type="stmt"/>
      <line num="355" count="3" type="stmt"/>
      <line num="358" count="0" type="stmt"/>
      <line num="361" count="0" type="stmt"/>
      <line num="364" count="0" type="stmt"/>
      <line num="367" count="0" type="stmt"/>
      <line num="370" count="0" type="stmt"/>
      <line num="373" count="1" type="stmt"/>
      <line num="376" count="0" type="stmt"/>
      <line num="379" count="0" type="stmt"/>
      <line num="382" count="4" type="cond" truecount="2" falsecount="0"/>
      <line num="386" count="6" type="stmt"/>
      <line num="389" count="4" type="stmt"/>
      <line num="392" count="2" type="stmt"/>
      <line num="395" count="2" type="cond" truecount="1" falsecount="1"/>
      <line num="396" count="0" type="stmt"/>
      <line num="399" count="2" type="stmt"/>
      <line num="403" count="2" type="stmt"/>
      <line num="406" count="2" type="stmt"/>
      <line num="409" count="2" type="stmt"/>
      <line num="410" count="2" type="cond" truecount="1" falsecount="1"/>
      <line num="415" count="7" type="stmt"/>
      <line num="418" count="3" type="stmt"/>
      <line num="421" count="3" type="stmt"/>
      <line num="425" count="0" type="cond" truecount="0" falsecount="2"/>
      <line num="429" count="0" type="stmt"/>
      <line num="431" count="0" type="stmt"/>
      <line num="434" count="3" type="stmt"/>
      <line num="437" count="0" type="stmt"/>
      <line num="440" count="0" type="stmt"/>
      <line num="443" count="0" type="stmt"/>
      <line num="446" count="0" type="stmt"/>
      <line num="449" count="0" type="stmt"/>
      <line num="452" count="0" type="stmt"/>
      <line num="455" count="11" type="stmt"/>
      <line num="457" count="11" type="stmt"/>
      <line num="458" count="1" type="stmt"/>
      <line num="460" count="3" type="stmt"/>
      <line num="462" count="11" type="stmt"/>
      <line num="463" count="11" type="stmt"/>
      <line num="465" count="3" type="cond" truecount="1" falsecount="1"/>
      <line num="478" count="40" type="cond" truecount="4" falsecount="0"/>
      <line num="484" count="10" type="cond" truecount="1" falsecount="1"/>
      <line num="485" count="0" type="stmt"/>
      <line num="488" count="10" type="stmt"/>
      <line num="489" count="10" type="stmt"/>
      <line num="492" count="6" type="stmt"/>
      <line num="497" count="1" type="cond" truecount="3" falsecount="1"/>
      <line num="503" count="1" type="cond" truecount="1" falsecount="1"/>
      <line num="504" count="0" type="stmt"/>
      <line num="507" count="1" type="stmt"/>
      <line num="508" count="1" type="stmt"/>
      <line num="511" count="1" type="stmt"/>
      <line num="515" count="3" type="stmt"/>
      <line num="517" count="0" type="stmt"/>
      <line num="518" count="1" type="stmt"/>
      <line num="519" count="1" type="stmt"/>
      <line num="520" count="21" type="stmt"/>
      <line num="521" count="1" type="stmt"/>
      <line num="522" count="1" type="stmt"/>
      <line num="523" count="5" type="stmt"/>
      <line num="525" count="0" type="stmt"/>
      <line num="528" count="1" type="stmt"/>
      <line num="531" count="0" type="cond" truecount="0" falsecount="2"/>
      <line num="541" count="0" type="stmt"/>
      <line num="544" count="0" type="stmt"/>
      <line num="545" count="0" type="stmt"/>
      <line num="547" count="1" type="stmt"/>
      <line num="548" count="1" type="stmt"/>
      <line num="550" count="0" type="stmt"/>
      <line num="551" count="0" type="cond" truecount="0" falsecount="2"/>
      <line num="552" count="0" type="stmt"/>
      <line num="555" count="0" type="stmt"/>
      <line num="557" count="0" type="stmt"/>
      <line num="558" count="0" type="stmt"/>
      <line num="559" count="0" type="stmt"/>
      <line num="560" count="0" type="stmt"/>
      <line num="561" count="0" type="stmt"/>
      <line num="566" count="0" type="stmt"/>
    </file>
  </project>
</coverage>
