<?xml version="1.0" encoding="UTF-8"?>
<coverage generated="1739633470135" clover="3.2.0">
  <project timestamp="1739633470136" name="All files">
    <metrics statements="187" coveredstatements="161" conditionals="135" coveredconditionals="106" methods="141" coveredmethods="122" elements="463" coveredelements="389" complexity="0" loc="187" ncloc="187" packages="1" files="1" classes="1"/>
    <file name="mce.js" path="C:\Users\Admin\Documents\Code\homework11\mce-typed\src\mce.js">
      <metrics statements="187" coveredstatements="161" conditionals="135" coveredconditionals="106" methods="141" coveredmethods="122"/>
      <line num="2" count="1" type="stmt"/>
      <line num="3" count="1" type="stmt"/>
      <line num="4" count="1" type="stmt"/>
      <line num="5" count="1" type="stmt"/>
      <line num="6" count="1" type="stmt"/>
      <line num="7" count="1" type="stmt"/>
      <line num="8" count="1" type="stmt"/>
      <line num="9" count="1" type="stmt"/>
      <line num="10" count="1" type="stmt"/>
      <line num="11" count="1" type="stmt"/>
      <line num="12" count="1" type="stmt"/>
      <line num="16" count="10" type="stmt"/>
      <line num="17" count="10" type="cond" truecount="6" falsecount="0"/>
      <line num="22" count="28" type="stmt"/>
      <line num="23" count="28" type="cond" truecount="7" falsecount="0"/>
      <line num="28" count="152" type="cond" truecount="2" falsecount="0"/>
      <line num="31" count="46" type="stmt"/>
      <line num="34" count="30" type="stmt"/>
      <line num="37" count="1" type="stmt"/>
      <line num="40" count="2" type="cond" truecount="2" falsecount="0"/>
      <line num="44" count="0" type="stmt"/>
      <line num="47" count="5" type="stmt"/>
      <line num="50" count="8" type="stmt"/>
      <line num="53" count="3" type="stmt"/>
      <line num="56" count="10" type="stmt"/>
      <line num="59" count="9" type="stmt"/>
      <line num="62" count="11" type="cond" truecount="2" falsecount="0"/>
      <line num="66" count="11" type="stmt"/>
      <line num="69" count="11" type="stmt"/>
      <line num="72" count="15" type="stmt"/>
      <line num="76" count="24" type="stmt"/>
      <line num="79" count="16" type="stmt"/>
      <line num="82" count="4" type="stmt"/>
      <line num="85" count="8" type="stmt"/>
      <line num="86" count="8" type="stmt"/>
      <line num="87" count="8" type="cond" truecount="1" falsecount="1"/>
      <line num="93" count="3" type="stmt"/>
      <line num="98" count="0" type="stmt"/>
      <line num="102" count="1" type="stmt"/>
      <line num="105" count="1" type="stmt"/>
      <line num="108" count="3" type="stmt"/>
      <line num="111" count="3" type="stmt"/>
      <line num="117" count="1" type="stmt"/>
      <line num="121" count="1" type="stmt"/>
      <line num="125" count="28" type="cond" truecount="2" falsecount="0"/>
      <line num="132" count="10" type="cond" truecount="2" falsecount="0"/>
      <line num="147" count="46" type="cond" truecount="2" falsecount="0"/>
      <line num="161" count="16" type="stmt"/>
      <line num="167" count="167" type="cond" truecount="2" falsecount="0"/>
      <line num="194" count="31" type="cond" truecount="2" falsecount="0"/>
      <line num="195" count="21" type="stmt"/>
      <line num="197" count="10" type="cond" truecount="1" falsecount="1"/>
      <line num="198" count="10" type="stmt"/>
      <line num="199" count="10" type="cond" truecount="1" falsecount="1"/>
      <line num="204" count="0" type="stmt"/>
      <line num="208" count="53" type="stmt"/>
      <line num="211" count="10" type="cond" truecount="2" falsecount="0"/>
      <line num="216" count="2" type="cond" truecount="1" falsecount="1"/>
      <line num="217" count="0" type="stmt"/>
      <line num="219" count="2" type="cond" truecount="2" falsecount="0"/>
      <line num="220" count="1" type="stmt"/>
      <line num="223" count="1" type="stmt"/>
      <line num="224" count="1" type="cond" truecount="1" falsecount="1"/>
      <line num="225" count="0" type="stmt"/>
      <line num="228" count="1" type="stmt"/>
      <line num="233" count="6" type="cond" truecount="2" falsecount="0"/>
      <line num="240" count="1" type="stmt"/>
      <line num="241" count="1" type="stmt"/>
      <line num="242" count="1" type="stmt"/>
      <line num="243" count="1" type="stmt"/>
      <line num="246" count="4" type="stmt"/>
      <line num="249" count="10" type="stmt"/>
      <line num="252" count="1" type="stmt"/>
      <line num="253" count="1" type="stmt"/>
      <line num="254" count="1" type="stmt"/>
      <line num="257" count="4" type="stmt"/>
      <line num="258" count="4" type="stmt"/>
      <line num="262" count="52" type="cond" truecount="2" falsecount="0"/>
      <line num="265" count="664" type="cond" truecount="1" falsecount="1"/>
      <line num="268" count="167" type="stmt"/>
      <line num="271" count="27" type="stmt"/>
      <line num="274" count="0" type="stmt"/>
      <line num="277" count="140" type="stmt"/>
      <line num="280" count="21" type="stmt"/>
      <line num="283" count="67" type="stmt"/>
      <line num="286" count="1" type="stmt"/>
      <line num="289" count="1" type="stmt"/>
      <line num="292" count="1" type="stmt"/>
      <line num="295" count="10" type="cond" truecount="2" falsecount="0"/>
      <line num="299" count="8" type="stmt"/>
      <line num="302" count="4" type="cond" truecount="1" falsecount="1"/>
      <line num="303" count="4" type="stmt"/>
      <line num="306" count="0" type="stmt"/>
      <line num="310" count="3" type="stmt"/>
      <line num="313" count="23" type="stmt"/>
      <line num="316" count="3" type="stmt"/>
      <line num="319" count="3" type="stmt"/>
      <line num="322" count="3" type="stmt"/>
      <line num="325" count="8" type="stmt"/>
      <line num="328" count="3" type="stmt"/>
      <line num="331" count="3" type="stmt"/>
      <line num="334" count="3" type="stmt"/>
      <line num="337" count="3" type="stmt"/>
      <line num="340" count="18" type="stmt"/>
      <line num="343" count="10" type="stmt"/>
      <line num="346" count="33" type="stmt"/>
      <line num="349" count="10" type="stmt"/>
      <line num="352" count="8" type="stmt"/>
      <line num="355" count="2" type="stmt"/>
      <line num="358" count="26" type="stmt"/>
      <line num="361" count="2" type="stmt"/>
      <line num="364" count="2" type="stmt"/>
      <line num="367" count="1" type="stmt"/>
      <line num="370" count="2" type="stmt"/>
      <line num="373" count="2" type="stmt"/>
      <line num="376" count="19" type="stmt"/>
      <line num="379" count="1" type="stmt"/>
      <line num="382" count="0" type="stmt"/>
      <line num="385" count="54" type="cond" truecount="2" falsecount="0"/>
      <line num="389" count="75" type="stmt"/>
      <line num="392" count="54" type="stmt"/>
      <line num="395" count="21" type="stmt"/>
      <line num="398" count="21" type="cond" truecount="1" falsecount="1"/>
      <line num="399" count="0" type="stmt"/>
      <line num="402" count="21" type="stmt"/>
      <line num="406" count="21" type="stmt"/>
      <line num="409" count="21" type="stmt"/>
      <line num="412" count="21" type="stmt"/>
      <line num="413" count="21" type="cond" truecount="1" falsecount="1"/>
      <line num="418" count="85" type="stmt"/>
      <line num="421" count="31" type="stmt"/>
      <line num="424" count="31" type="stmt"/>
      <line num="428" count="10" type="cond" truecount="1" falsecount="1"/>
      <line num="432" count="0" type="stmt"/>
      <line num="434" count="3" type="stmt"/>
      <line num="437" count="10" type="stmt"/>
      <line num="440" count="10" type="stmt"/>
      <line num="443" count="10" type="stmt"/>
      <line num="446" count="10" type="stmt"/>
      <line num="449" count="10" type="stmt"/>
      <line num="452" count="11" type="stmt"/>
      <line num="455" count="10" type="stmt"/>
      <line num="458" count="181" type="stmt"/>
      <line num="460" count="181" type="stmt"/>
      <line num="461" count="1" type="stmt"/>
      <line num="463" count="15" type="stmt"/>
      <line num="465" count="181" type="stmt"/>
      <line num="466" count="181" type="stmt"/>
      <line num="468" count="15" type="cond" truecount="1" falsecount="1"/>
      <line num="481" count="574" type="cond" truecount="4" falsecount="0"/>
      <line num="487" count="175" type="cond" truecount="1" falsecount="1"/>
      <line num="488" count="0" type="stmt"/>
      <line num="491" count="175" type="stmt"/>
      <line num="492" count="175" type="stmt"/>
      <line num="495" count="55" type="stmt"/>
      <line num="500" count="7" type="cond" truecount="4" falsecount="0"/>
      <line num="506" count="6" type="cond" truecount="1" falsecount="1"/>
      <line num="507" count="0" type="stmt"/>
      <line num="510" count="6" type="stmt"/>
      <line num="511" count="6" type="stmt"/>
      <line num="514" count="5" type="stmt"/>
      <line num="518" count="31" type="stmt"/>
      <line num="520" count="21" type="stmt"/>
      <line num="521" count="10" type="stmt"/>
      <line num="522" count="1" type="stmt"/>
      <line num="523" count="21" type="stmt"/>
      <line num="524" count="1" type="stmt"/>
      <line num="525" count="1" type="stmt"/>
      <line num="526" count="5" type="stmt"/>
      <line num="528" count="21" type="stmt"/>
      <line num="531" count="1" type="stmt"/>
      <line num="534" count="0" type="cond" truecount="0" falsecount="2"/>
      <line num="544" count="0" type="stmt"/>
      <line num="547" count="0" type="stmt"/>
      <line num="548" count="0" type="stmt"/>
      <line num="550" count="1" type="stmt"/>
      <line num="551" count="1" type="stmt"/>
      <line num="553" count="0" type="stmt"/>
      <line num="554" count="0" type="cond" truecount="0" falsecount="2"/>
      <line num="555" count="0" type="stmt"/>
      <line num="558" count="0" type="stmt"/>
      <line num="560" count="0" type="stmt"/>
      <line num="561" count="0" type="stmt"/>
      <line num="562" count="0" type="stmt"/>
      <line num="563" count="0" type="stmt"/>
      <line num="564" count="0" type="stmt"/>
      <line num="569" count="0" type="stmt"/>
    </file>
  </project>
</coverage>
