{"C:\\Users\\Admin\\Documents\\Code\\homework11\\mce-typed\\src\\mce.js": {"path":"C:\\Users\\Admin\\Documents\\Code\\homework11\\mce-typed\\src\\mce.js","statementMap":{"0":{"start":{"line":2,"column":0},"end":{"line":2,"column":62}},"1":{"start":{"line":3,"column":0},"end":{"line":3,"column":54}},"2":{"start":{"line":4,"column":0},"end":{"line":4,"column":28}},"3":{"start":{"line":5,"column":0},"end":{"line":5,"column":54}},"4":{"start":{"line":6,"column":0},"end":{"line":6,"column":48}},"5":{"start":{"line":7,"column":0},"end":{"line":7,"column":48}},"6":{"start":{"line":8,"column":0},"end":{"line":8,"column":46}},"7":{"start":{"line":9,"column":0},"end":{"line":9,"column":34}},"8":{"start":{"line":10,"column":17},"end":{"line":10,"column":39}},"9":{"start":{"line":11,"column":13},"end":{"line":11,"column":41}},"10":{"start":{"line":12,"column":13},"end":{"line":12,"column":28}},"11":{"start":{"line":16,"column":18},"end":{"line":16,"column":37}},"12":{"start":{"line":17,"column":8},"end":{"line":19,"column":39}},"13":{"start":{"line":22,"column":18},"end":{"line":22,"column":37}},"14":{"start":{"line":23,"column":8},"end":{"line":25,"column":90}},"15":{"start":{"line":28,"column":8},"end":{"line":28,"column":89}},"16":{"start":{"line":31,"column":8},"end":{"line":31,"column":52}},"17":{"start":{"line":34,"column":8},"end":{"line":34,"column":49}},"18":{"start":{"line":37,"column":8},"end":{"line":37,"column":55}},"19":{"start":{"line":40,"column":8},"end":{"line":41,"column":62}},"20":{"start":{"line":44,"column":8},"end":{"line":44,"column":62}},"21":{"start":{"line":47,"column":8},"end":{"line":47,"column":65}},"22":{"start":{"line":50,"column":8},"end":{"line":50,"column":61}},"23":{"start":{"line":53,"column":8},"end":{"line":53,"column":67}},"24":{"start":{"line":56,"column":8},"end":{"line":56,"column":48}},"25":{"start":{"line":59,"column":8},"end":{"line":59,"column":50}},"26":{"start":{"line":62,"column":8},"end":{"line":63,"column":54}},"27":{"start":{"line":66,"column":8},"end":{"line":66,"column":71}},"28":{"start":{"line":69,"column":8},"end":{"line":69,"column":72}},"29":{"start":{"line":72,"column":8},"end":{"line":72,"column":56}},"30":{"start":{"line":76,"column":8},"end":{"line":76,"column":81}},"31":{"start":{"line":79,"column":8},"end":{"line":79,"column":86}},"32":{"start":{"line":82,"column":8},"end":{"line":82,"column":232}},"33":{"start":{"line":85,"column":23},"end":{"line":85,"column":61}},"34":{"start":{"line":86,"column":23},"end":{"line":86,"column":100}},"35":{"start":{"line":87,"column":8},"end":{"line":90,"column":104}},"36":{"start":{"line":93,"column":8},"end":{"line":95,"column":125}},"37":{"start":{"line":98,"column":8},"end":{"line":99,"column":99}},"38":{"start":{"line":102,"column":8},"end":{"line":102,"column":126}},"39":{"start":{"line":105,"column":8},"end":{"line":105,"column":102}},"40":{"start":{"line":108,"column":8},"end":{"line":108,"column":125}},"41":{"start":{"line":111,"column":8},"end":{"line":114,"column":117}},"42":{"start":{"line":117,"column":8},"end":{"line":118,"column":108}},"43":{"start":{"line":121,"column":8},"end":{"line":122,"column":112}},"44":{"start":{"line":125,"column":8},"end":{"line":129,"column":90}},"45":{"start":{"line":132,"column":8},"end":{"line":144,"column":77}},"46":{"start":{"line":147,"column":8},"end":{"line":159,"column":79}},"47":{"start":{"line":161,"column":4},"end":{"line":161,"column":42}},"48":{"start":{"line":167,"column":4},"end":{"line":191,"column":113}},"49":{"start":{"line":194,"column":4},"end":{"line":205,"column":5}},"50":{"start":{"line":195,"column":8},"end":{"line":195,"column":51}},"51":{"start":{"line":197,"column":9},"end":{"line":205,"column":5}},"52":{"start":{"line":198,"column":21},"end":{"line":198,"column":128}},"53":{"start":{"line":199,"column":8},"end":{"line":201,"column":24}},"54":{"start":{"line":204,"column":8},"end":{"line":204,"column":65}},"55":{"start":{"line":208,"column":4},"end":{"line":208,"column":80}},"56":{"start":{"line":208,"column":44},"end":{"line":208,"column":70}},"57":{"start":{"line":211,"column":4},"end":{"line":213,"column":60}},"58":{"start":{"line":216,"column":4},"end":{"line":230,"column":5}},"59":{"start":{"line":217,"column":8},"end":{"line":217,"column":25}},"60":{"start":{"line":219,"column":9},"end":{"line":230,"column":5}},"61":{"start":{"line":220,"column":8},"end":{"line":220,"column":53}},"62":{"start":{"line":223,"column":31},"end":{"line":223,"column":68}},"63":{"start":{"line":224,"column":8},"end":{"line":229,"column":9}},"64":{"start":{"line":225,"column":12},"end":{"line":225,"column":36}},"65":{"start":{"line":228,"column":12},"end":{"line":228,"column":62}},"66":{"start":{"line":233,"column":4},"end":{"line":237,"column":19}},"67":{"start":{"line":240,"column":15},"end":{"line":240,"column":36}},"68":{"start":{"line":241,"column":17},"end":{"line":241,"column":44}},"69":{"start":{"line":242,"column":22},"end":{"line":242,"column":48}},"70":{"start":{"line":243,"column":4},"end":{"line":243,"column":72}},"71":{"start":{"line":246,"column":4},"end":{"line":246,"column":77}},"72":{"start":{"line":246,"column":42},"end":{"line":246,"column":64}},"73":{"start":{"line":249,"column":4},"end":{"line":249,"column":74}},"74":{"start":{"line":252,"column":16},"end":{"line":252,"column":69}},"75":{"start":{"line":253,"column":4},"end":{"line":253,"column":66}},"76":{"start":{"line":254,"column":4},"end":{"line":254,"column":17}},"77":{"start":{"line":257,"column":4},"end":{"line":257,"column":116}},"78":{"start":{"line":258,"column":4},"end":{"line":258,"column":21}},"79":{"start":{"line":262,"column":4},"end":{"line":262,"column":78}},"80":{"start":{"line":265,"column":4},"end":{"line":265,"column":50}},"81":{"start":{"line":268,"column":4},"end":{"line":268,"column":27}},"82":{"start":{"line":271,"column":4},"end":{"line":271,"column":44}},"83":{"start":{"line":274,"column":4},"end":{"line":274,"column":47}},"84":{"start":{"line":277,"column":4},"end":{"line":277,"column":43}},"85":{"start":{"line":280,"column":4},"end":{"line":280,"column":28}},"86":{"start":{"line":283,"column":4},"end":{"line":283,"column":53}},"87":{"start":{"line":286,"column":4},"end":{"line":286,"column":33}},"88":{"start":{"line":289,"column":4},"end":{"line":289,"column":37}},"89":{"start":{"line":292,"column":4},"end":{"line":293,"column":60}},"90":{"start":{"line":296,"column":4},"end":{"line":296,"column":42}},"91":{"start":{"line":299,"column":4},"end":{"line":304,"column":5}},"92":{"start":{"line":300,"column":8},"end":{"line":300,"column":37}},"93":{"start":{"line":303,"column":8},"end":{"line":303,"column":69}},"94":{"start":{"line":307,"column":4},"end":{"line":307,"column":86}},"95":{"start":{"line":310,"column":4},"end":{"line":310,"column":60}},"96":{"start":{"line":313,"column":4},"end":{"line":313,"column":65}},"97":{"start":{"line":316,"column":4},"end":{"line":316,"column":26}},"98":{"start":{"line":319,"column":4},"end":{"line":319,"column":76}},"99":{"start":{"line":322,"column":4},"end":{"line":322,"column":63}},"100":{"start":{"line":325,"column":4},"end":{"line":325,"column":26}},"101":{"start":{"line":328,"column":4},"end":{"line":328,"column":32}},"102":{"start":{"line":331,"column":4},"end":{"line":331,"column":26}},"103":{"start":{"line":334,"column":4},"end":{"line":334,"column":181}},"104":{"start":{"line":337,"column":4},"end":{"line":337,"column":59}},"105":{"start":{"line":340,"column":4},"end":{"line":340,"column":39}},"106":{"start":{"line":343,"column":4},"end":{"line":343,"column":65}},"107":{"start":{"line":346,"column":4},"end":{"line":346,"column":31}},"108":{"start":{"line":349,"column":4},"end":{"line":349,"column":32}},"109":{"start":{"line":352,"column":4},"end":{"line":352,"column":33}},"110":{"start":{"line":355,"column":4},"end":{"line":355,"column":46}},"111":{"start":{"line":358,"column":4},"end":{"line":358,"column":27}},"112":{"start":{"line":361,"column":4},"end":{"line":361,"column":35}},"113":{"start":{"line":364,"column":4},"end":{"line":364,"column":35}},"114":{"start":{"line":367,"column":4},"end":{"line":367,"column":38}},"115":{"start":{"line":370,"column":4},"end":{"line":370,"column":56}},"116":{"start":{"line":373,"column":4},"end":{"line":373,"column":48}},"117":{"start":{"line":376,"column":4},"end":{"line":376,"column":26}},"118":{"start":{"line":379,"column":4},"end":{"line":379,"column":45}},"119":{"start":{"line":382,"column":4},"end":{"line":383,"column":50}},"120":{"start":{"line":386,"column":4},"end":{"line":386,"column":69}},"121":{"start":{"line":389,"column":4},"end":{"line":389,"column":70}},"122":{"start":{"line":392,"column":4},"end":{"line":392,"column":30}},"123":{"start":{"line":395,"column":4},"end":{"line":400,"column":5}},"124":{"start":{"line":396,"column":8},"end":{"line":396,"column":33}},"125":{"start":{"line":399,"column":8},"end":{"line":399,"column":30}},"126":{"start":{"line":403,"column":4},"end":{"line":403,"column":27}},"127":{"start":{"line":406,"column":4},"end":{"line":406,"column":109}},"128":{"start":{"line":409,"column":19},"end":{"line":409,"column":45}},"129":{"start":{"line":410,"column":4},"end":{"line":412,"column":119}},"130":{"start":{"line":415,"column":4},"end":{"line":415,"column":54}},"131":{"start":{"line":418,"column":4},"end":{"line":418,"column":41}},"132":{"start":{"line":421,"column":4},"end":{"line":421,"column":31}},"133":{"start":{"line":425,"column":4},"end":{"line":427,"column":61}},"134":{"start":{"line":429,"column":23},"end":{"line":429,"column":44}},"135":{"start":{"line":431,"column":4},"end":{"line":431,"column":132}},"136":{"start":{"line":434,"column":4},"end":{"line":434,"column":52}},"137":{"start":{"line":437,"column":4},"end":{"line":437,"column":23}},"138":{"start":{"line":440,"column":4},"end":{"line":440,"column":18}},"139":{"start":{"line":443,"column":4},"end":{"line":443,"column":17}},"140":{"start":{"line":446,"column":4},"end":{"line":446,"column":53}},"141":{"start":{"line":449,"column":4},"end":{"line":449,"column":51}},"142":{"start":{"line":452,"column":4},"end":{"line":452,"column":25}},"143":{"start":{"line":455,"column":4},"end":{"line":455,"column":33}},"144":{"start":{"line":457,"column":28},"end":{"line":457,"column":57}},"145":{"start":{"line":458,"column":28},"end":{"line":458,"column":32}},"146":{"start":{"line":460,"column":4},"end":{"line":460,"column":45}},"147":{"start":{"line":462,"column":32},"end":{"line":462,"column":63}},"148":{"start":{"line":463,"column":31},"end":{"line":463,"column":62}},"149":{"start":{"line":465,"column":4},"end":{"line":473,"column":45}},"150":{"start":{"line":478,"column":12},"end":{"line":482,"column":89}},"151":{"start":{"line":484,"column":8},"end":{"line":490,"column":9}},"152":{"start":{"line":485,"column":12},"end":{"line":485,"column":54}},"153":{"start":{"line":488,"column":24},"end":{"line":488,"column":40}},"154":{"start":{"line":489,"column":12},"end":{"line":489,"column":95}},"155":{"start":{"line":492,"column":4},"end":{"line":492,"column":25}},"156":{"start":{"line":497,"column":12},"end":{"line":501,"column":89}},"157":{"start":{"line":503,"column":8},"end":{"line":509,"column":9}},"158":{"start":{"line":504,"column":12},"end":{"line":504,"column":68}},"159":{"start":{"line":507,"column":24},"end":{"line":507,"column":40}},"160":{"start":{"line":508,"column":12},"end":{"line":508,"column":95}},"161":{"start":{"line":511,"column":4},"end":{"line":511,"column":25}},"162":{"start":{"line":515,"column":4},"end":{"line":515,"column":46}},"163":{"start":{"line":517,"column":41},"end":{"line":517,"column":88}},"164":{"start":{"line":518,"column":26},"end":{"line":518,"column":1639}},"165":{"start":{"line":518,"column":626},"end":{"line":518,"column":639}},"166":{"start":{"line":518,"column":708},"end":{"line":518,"column":721}},"167":{"start":{"line":518,"column":792},"end":{"line":518,"column":802}},"168":{"start":{"line":518,"column":871},"end":{"line":518,"column":884}},"169":{"start":{"line":518,"column":953},"end":{"line":518,"column":966}},"170":{"start":{"line":518,"column":1035},"end":{"line":518,"column":1048}},"171":{"start":{"line":518,"column":1119},"end":{"line":518,"column":1134}},"172":{"start":{"line":518,"column":1205},"end":{"line":518,"column":1220}},"173":{"start":{"line":518,"column":1289},"end":{"line":518,"column":1302}},"174":{"start":{"line":518,"column":1372},"end":{"line":518,"column":1386}},"175":{"start":{"line":518,"column":1455},"end":{"line":518,"column":1468}},"176":{"start":{"line":518,"column":1538},"end":{"line":518,"column":1552}},"177":{"start":{"line":518,"column":1618},"end":{"line":518,"column":1628}},"178":{"start":{"line":519,"column":33},"end":{"line":519,"column":82}},"179":{"start":{"line":520,"column":33},"end":{"line":520,"column":192}},"180":{"start":{"line":520,"column":66},"end":{"line":520,"column":168}},"181":{"start":{"line":521,"column":26},"end":{"line":521,"column":362}},"182":{"start":{"line":522,"column":33},"end":{"line":522,"column":82}},"183":{"start":{"line":523,"column":32},"end":{"line":523,"column":132}},"184":{"start":{"line":523,"column":63},"end":{"line":523,"column":108}},"185":{"start":{"line":525,"column":4},"end":{"line":525,"column":94}},"186":{"start":{"line":528,"column":4},"end":{"line":528,"column":204}},"187":{"start":{"line":531,"column":4},"end":{"line":538,"column":48}},"188":{"start":{"line":541,"column":4},"end":{"line":541,"column":97}},"189":{"start":{"line":544,"column":4},"end":{"line":544,"column":31}},"190":{"start":{"line":545,"column":4},"end":{"line":545,"column":22}},"191":{"start":{"line":547,"column":19},"end":{"line":547,"column":42}},"192":{"start":{"line":548,"column":20},"end":{"line":548,"column":43}},"193":{"start":{"line":550,"column":16},"end":{"line":550,"column":34}},"194":{"start":{"line":551,"column":4},"end":{"line":567,"column":5}},"195":{"start":{"line":552,"column":8},"end":{"line":552,"column":57}},"196":{"start":{"line":555,"column":22},"end":{"line":555,"column":46}},"197":{"start":{"line":557,"column":21},"end":{"line":557,"column":51}},"198":{"start":{"line":558,"column":26},"end":{"line":558,"column":52}},"199":{"start":{"line":559,"column":26},"end":{"line":559,"column":70}},"200":{"start":{"line":560,"column":21},"end":{"line":560,"column":51}},"201":{"start":{"line":561,"column":26},"end":{"line":565,"column":29}},"202":{"start":{"line":566,"column":8},"end":{"line":566,"column":53}}},"fnMap":{"0":{"name":"tagged_list_to_record","decl":{"start":{"line":14,"column":9},"end":{"line":14,"column":30}},"loc":{"start":{"line":14,"column":42},"end":{"line":162,"column":1}},"line":14},"1":{"name":"is_statement","decl":{"start":{"line":15,"column":13},"end":{"line":15,"column":25}},"loc":{"start":{"line":15,"column":29},"end":{"line":20,"column":5}},"line":15},"2":{"name":"is_expression","decl":{"start":{"line":21,"column":13},"end":{"line":21,"column":26}},"loc":{"start":{"line":21,"column":30},"end":{"line":26,"column":5}},"line":21},"3":{"name":"is_tagged_list","decl":{"start":{"line":27,"column":13},"end":{"line":27,"column":27}},"loc":{"start":{"line":27,"column":48},"end":{"line":29,"column":5}},"line":27},"4":{"name":"is_literal","decl":{"start":{"line":30,"column":13},"end":{"line":30,"column":23}},"loc":{"start":{"line":30,"column":35},"end":{"line":32,"column":5}},"line":30},"5":{"name":"is_name","decl":{"start":{"line":33,"column":13},"end":{"line":33,"column":20}},"loc":{"start":{"line":33,"column":32},"end":{"line":35,"column":5}},"line":33},"6":{"name":"is_assignment","decl":{"start":{"line":36,"column":13},"end":{"line":36,"column":26}},"loc":{"start":{"line":36,"column":38},"end":{"line":38,"column":5}},"line":36},"7":{"name":"is_declaration","decl":{"start":{"line":39,"column":13},"end":{"line":39,"column":27}},"loc":{"start":{"line":39,"column":39},"end":{"line":42,"column":5}},"line":39},"8":{"name":"is_lambda_expression","decl":{"start":{"line":43,"column":13},"end":{"line":43,"column":33}},"loc":{"start":{"line":43,"column":45},"end":{"line":45,"column":5}},"line":43},"9":{"name":"is_function_declaration","decl":{"start":{"line":46,"column":13},"end":{"line":46,"column":36}},"loc":{"start":{"line":46,"column":48},"end":{"line":48,"column":5}},"line":46},"10":{"name":"is_return_statement","decl":{"start":{"line":49,"column":13},"end":{"line":49,"column":32}},"loc":{"start":{"line":49,"column":44},"end":{"line":51,"column":5}},"line":49},"11":{"name":"is_conditional","decl":{"start":{"line":52,"column":13},"end":{"line":52,"column":27}},"loc":{"start":{"line":52,"column":39},"end":{"line":54,"column":5}},"line":52},"12":{"name":"is_sequence","decl":{"start":{"line":55,"column":13},"end":{"line":55,"column":24}},"loc":{"start":{"line":55,"column":31},"end":{"line":57,"column":5}},"line":55},"13":{"name":"is_block","decl":{"start":{"line":58,"column":13},"end":{"line":58,"column":21}},"loc":{"start":{"line":58,"column":33},"end":{"line":60,"column":5}},"line":58},"14":{"name":"is_operator_combination","decl":{"start":{"line":61,"column":13},"end":{"line":61,"column":36}},"loc":{"start":{"line":61,"column":48},"end":{"line":64,"column":5}},"line":61},"15":{"name":"is_unary_operator_combination","decl":{"start":{"line":65,"column":13},"end":{"line":65,"column":42}},"loc":{"start":{"line":65,"column":54},"end":{"line":67,"column":5}},"line":65},"16":{"name":"is_binary_operator_combination","decl":{"start":{"line":68,"column":13},"end":{"line":68,"column":43}},"loc":{"start":{"line":68,"column":55},"end":{"line":70,"column":5}},"line":68},"17":{"name":"is_application","decl":{"start":{"line":71,"column":13},"end":{"line":71,"column":27}},"loc":{"start":{"line":71,"column":39},"end":{"line":73,"column":5}},"line":71},"18":{"name":"transform_name","decl":{"start":{"line":75,"column":13},"end":{"line":75,"column":27}},"loc":{"start":{"line":75,"column":34},"end":{"line":77,"column":5}},"line":75},"19":{"name":"transform_literal","decl":{"start":{"line":78,"column":13},"end":{"line":78,"column":30}},"loc":{"start":{"line":78,"column":40},"end":{"line":80,"column":5}},"line":78},"20":{"name":"transform_application","decl":{"start":{"line":81,"column":13},"end":{"line":81,"column":34}},"loc":{"start":{"line":81,"column":40},"end":{"line":83,"column":5}},"line":81},"21":{"name":"transform_operator_combination","decl":{"start":{"line":84,"column":13},"end":{"line":84,"column":43}},"loc":{"start":{"line":84,"column":48},"end":{"line":91,"column":5}},"line":84},"22":{"name":"transform_conditional","decl":{"start":{"line":92,"column":13},"end":{"line":92,"column":34}},"loc":{"start":{"line":92,"column":41},"end":{"line":96,"column":5}},"line":92},"23":{"name":"transform_lambda","decl":{"start":{"line":97,"column":13},"end":{"line":97,"column":29}},"loc":{"start":{"line":97,"column":35},"end":{"line":100,"column":5}},"line":97},"24":{"name":"transform_sequence","decl":{"start":{"line":101,"column":13},"end":{"line":101,"column":31}},"loc":{"start":{"line":101,"column":37},"end":{"line":103,"column":5}},"line":101},"25":{"name":"transform_block","decl":{"start":{"line":104,"column":13},"end":{"line":104,"column":28}},"loc":{"start":{"line":104,"column":36},"end":{"line":106,"column":5}},"line":104},"26":{"name":"transform_return_statement","decl":{"start":{"line":107,"column":13},"end":{"line":107,"column":39}},"loc":{"start":{"line":107,"column":45},"end":{"line":109,"column":5}},"line":107},"27":{"name":"transform_function_declaration","decl":{"start":{"line":110,"column":13},"end":{"line":110,"column":43}},"loc":{"start":{"line":110,"column":49},"end":{"line":115,"column":5}},"line":110},"28":{"name":"transform_declaration","decl":{"start":{"line":116,"column":13},"end":{"line":116,"column":34}},"loc":{"start":{"line":116,"column":41},"end":{"line":119,"column":5}},"line":116},"29":{"name":"transform_assignment","decl":{"start":{"line":120,"column":13},"end":{"line":120,"column":33}},"loc":{"start":{"line":120,"column":40},"end":{"line":123,"column":5}},"line":120},"30":{"name":"transform_component","decl":{"start":{"line":124,"column":13},"end":{"line":124,"column":32}},"loc":{"start":{"line":124,"column":44},"end":{"line":130,"column":5}},"line":124},"31":{"name":"transform_statement","decl":{"start":{"line":131,"column":13},"end":{"line":131,"column":32}},"loc":{"start":{"line":131,"column":38},"end":{"line":145,"column":5}},"line":131},"32":{"name":"transform_expression","decl":{"start":{"line":146,"column":13},"end":{"line":146,"column":33}},"loc":{"start":{"line":146,"column":39},"end":{"line":160,"column":5}},"line":146},"33":{"name":"evaluate","decl":{"start":{"line":166,"column":9},"end":{"line":166,"column":17}},"loc":{"start":{"line":166,"column":34},"end":{"line":192,"column":1}},"line":166},"34":{"name":"apply","decl":{"start":{"line":193,"column":9},"end":{"line":193,"column":14}},"loc":{"start":{"line":193,"column":26},"end":{"line":206,"column":1}},"line":193},"35":{"name":"list_of_values","decl":{"start":{"line":207,"column":9},"end":{"line":207,"column":23}},"loc":{"start":{"line":207,"column":35},"end":{"line":209,"column":1}},"line":207},"36":{"name":"(anonymous_36)","decl":{"start":{"line":208,"column":27},"end":{"line":208,"column":28}},"loc":{"start":{"line":208,"column":42},"end":{"line":208,"column":72}},"line":208},"37":{"name":"eval_conditional","decl":{"start":{"line":210,"column":9},"end":{"line":210,"column":25}},"loc":{"start":{"line":210,"column":42},"end":{"line":214,"column":1}},"line":210},"38":{"name":"eval_sequence","decl":{"start":{"line":215,"column":9},"end":{"line":215,"column":22}},"loc":{"start":{"line":215,"column":35},"end":{"line":231,"column":1}},"line":215},"39":{"name":"scan_out_declarations","decl":{"start":{"line":232,"column":9},"end":{"line":232,"column":30}},"loc":{"start":{"line":232,"column":42},"end":{"line":238,"column":1}},"line":232},"40":{"name":"eval_block","decl":{"start":{"line":239,"column":9},"end":{"line":239,"column":19}},"loc":{"start":{"line":239,"column":36},"end":{"line":244,"column":1}},"line":239},"41":{"name":"list_of_unassigned","decl":{"start":{"line":245,"column":9},"end":{"line":245,"column":27}},"loc":{"start":{"line":245,"column":37},"end":{"line":247,"column":1}},"line":245},"42":{"name":"(anonymous_42)","decl":{"start":{"line":246,"column":27},"end":{"line":246,"column":28}},"loc":{"start":{"line":246,"column":40},"end":{"line":246,"column":66}},"line":246},"43":{"name":"eval_return_statement","decl":{"start":{"line":248,"column":9},"end":{"line":248,"column":30}},"loc":{"start":{"line":248,"column":47},"end":{"line":250,"column":1}},"line":248},"44":{"name":"eval_assignment","decl":{"start":{"line":251,"column":9},"end":{"line":251,"column":24}},"loc":{"start":{"line":251,"column":41},"end":{"line":255,"column":1}},"line":251},"45":{"name":"eval_declaration","decl":{"start":{"line":256,"column":9},"end":{"line":256,"column":25}},"loc":{"start":{"line":256,"column":42},"end":{"line":259,"column":1}},"line":256},"46":{"name":"is_tagged_record","decl":{"start":{"line":261,"column":9},"end":{"line":261,"column":25}},"loc":{"start":{"line":261,"column":46},"end":{"line":263,"column":1}},"line":261},"47":{"name":"is_literal","decl":{"start":{"line":264,"column":9},"end":{"line":264,"column":19}},"loc":{"start":{"line":264,"column":31},"end":{"line":266,"column":1}},"line":264},"48":{"name":"literal_value","decl":{"start":{"line":267,"column":9},"end":{"line":267,"column":22}},"loc":{"start":{"line":267,"column":34},"end":{"line":269,"column":1}},"line":267},"49":{"name":"make_literal","decl":{"start":{"line":270,"column":9},"end":{"line":270,"column":21}},"loc":{"start":{"line":270,"column":29},"end":{"line":272,"column":1}},"line":270},"50":{"name":"is_name","decl":{"start":{"line":273,"column":9},"end":{"line":273,"column":16}},"loc":{"start":{"line":273,"column":28},"end":{"line":275,"column":1}},"line":273},"51":{"name":"make_name","decl":{"start":{"line":276,"column":9},"end":{"line":276,"column":18}},"loc":{"start":{"line":276,"column":27},"end":{"line":278,"column":1}},"line":276},"52":{"name":"symbol_of_name","decl":{"start":{"line":279,"column":9},"end":{"line":279,"column":23}},"loc":{"start":{"line":279,"column":35},"end":{"line":281,"column":1}},"line":279},"53":{"name":"is_assignment","decl":{"start":{"line":282,"column":9},"end":{"line":282,"column":22}},"loc":{"start":{"line":282,"column":34},"end":{"line":284,"column":1}},"line":282},"54":{"name":"assignment_symbol","decl":{"start":{"line":285,"column":9},"end":{"line":285,"column":26}},"loc":{"start":{"line":285,"column":38},"end":{"line":287,"column":1}},"line":285},"55":{"name":"assignment_value_expression","decl":{"start":{"line":288,"column":9},"end":{"line":288,"column":36}},"loc":{"start":{"line":288,"column":48},"end":{"line":290,"column":1}},"line":288},"56":{"name":"is_declaration","decl":{"start":{"line":291,"column":9},"end":{"line":291,"column":23}},"loc":{"start":{"line":291,"column":35},"end":{"line":294,"column":1}},"line":291},"57":{"name":"declaration_symbol","decl":{"start":{"line":295,"column":9},"end":{"line":295,"column":27}},"loc":{"start":{"line":295,"column":39},"end":{"line":297,"column":1}},"line":295},"58":{"name":"declaration_value_expression","decl":{"start":{"line":298,"column":9},"end":{"line":298,"column":37}},"loc":{"start":{"line":298,"column":49},"end":{"line":305,"column":1}},"line":298},"59":{"name":"make_constant_declaration","decl":{"start":{"line":306,"column":9},"end":{"line":306,"column":34}},"loc":{"start":{"line":306,"column":59},"end":{"line":308,"column":1}},"line":306},"60":{"name":"is_lambda_expression","decl":{"start":{"line":309,"column":9},"end":{"line":309,"column":29}},"loc":{"start":{"line":309,"column":41},"end":{"line":311,"column":1}},"line":309},"61":{"name":"lambda_parameter_symbols","decl":{"start":{"line":312,"column":9},"end":{"line":312,"column":33}},"loc":{"start":{"line":312,"column":45},"end":{"line":314,"column":1}},"line":312},"62":{"name":"lambda_body","decl":{"start":{"line":315,"column":9},"end":{"line":315,"column":20}},"loc":{"start":{"line":315,"column":32},"end":{"line":317,"column":1}},"line":315},"63":{"name":"make_lambda_expression","decl":{"start":{"line":318,"column":9},"end":{"line":318,"column":31}},"loc":{"start":{"line":318,"column":50},"end":{"line":320,"column":1}},"line":318},"64":{"name":"is_function_declaration","decl":{"start":{"line":321,"column":9},"end":{"line":321,"column":32}},"loc":{"start":{"line":321,"column":44},"end":{"line":323,"column":1}},"line":321},"65":{"name":"function_declaration_name","decl":{"start":{"line":324,"column":9},"end":{"line":324,"column":34}},"loc":{"start":{"line":324,"column":46},"end":{"line":326,"column":1}},"line":324},"66":{"name":"function_declaration_parameters","decl":{"start":{"line":327,"column":9},"end":{"line":327,"column":40}},"loc":{"start":{"line":327,"column":52},"end":{"line":329,"column":1}},"line":327},"67":{"name":"function_declaration_body","decl":{"start":{"line":330,"column":9},"end":{"line":330,"column":34}},"loc":{"start":{"line":330,"column":46},"end":{"line":332,"column":1}},"line":330},"68":{"name":"function_decl_to_constant_decl","decl":{"start":{"line":333,"column":9},"end":{"line":333,"column":39}},"loc":{"start":{"line":333,"column":51},"end":{"line":335,"column":1}},"line":333},"69":{"name":"is_return_statement","decl":{"start":{"line":336,"column":9},"end":{"line":336,"column":28}},"loc":{"start":{"line":336,"column":40},"end":{"line":338,"column":1}},"line":336},"70":{"name":"return_expression","decl":{"start":{"line":339,"column":9},"end":{"line":339,"column":26}},"loc":{"start":{"line":339,"column":38},"end":{"line":341,"column":1}},"line":339},"71":{"name":"is_conditional","decl":{"start":{"line":342,"column":9},"end":{"line":342,"column":23}},"loc":{"start":{"line":342,"column":35},"end":{"line":344,"column":1}},"line":342},"72":{"name":"conditional_predicate","decl":{"start":{"line":345,"column":9},"end":{"line":345,"column":30}},"loc":{"start":{"line":345,"column":42},"end":{"line":347,"column":1}},"line":345},"73":{"name":"conditional_consequent","decl":{"start":{"line":348,"column":9},"end":{"line":348,"column":31}},"loc":{"start":{"line":348,"column":43},"end":{"line":350,"column":1}},"line":348},"74":{"name":"conditional_alternative","decl":{"start":{"line":351,"column":9},"end":{"line":351,"column":32}},"loc":{"start":{"line":351,"column":44},"end":{"line":353,"column":1}},"line":351},"75":{"name":"is_sequence","decl":{"start":{"line":354,"column":9},"end":{"line":354,"column":20}},"loc":{"start":{"line":354,"column":27},"end":{"line":356,"column":1}},"line":354},"76":{"name":"sequence_statements","decl":{"start":{"line":357,"column":9},"end":{"line":357,"column":28}},"loc":{"start":{"line":357,"column":35},"end":{"line":359,"column":1}},"line":357},"77":{"name":"first_statement","decl":{"start":{"line":360,"column":9},"end":{"line":360,"column":24}},"loc":{"start":{"line":360,"column":32},"end":{"line":362,"column":1}},"line":360},"78":{"name":"rest_statements","decl":{"start":{"line":363,"column":9},"end":{"line":363,"column":24}},"loc":{"start":{"line":363,"column":32},"end":{"line":365,"column":1}},"line":363},"79":{"name":"is_empty_sequence","decl":{"start":{"line":366,"column":9},"end":{"line":366,"column":26}},"loc":{"start":{"line":366,"column":34},"end":{"line":368,"column":1}},"line":366},"80":{"name":"is_last_statement","decl":{"start":{"line":369,"column":9},"end":{"line":369,"column":26}},"loc":{"start":{"line":369,"column":34},"end":{"line":371,"column":1}},"line":369},"81":{"name":"is_block","decl":{"start":{"line":372,"column":9},"end":{"line":372,"column":17}},"loc":{"start":{"line":372,"column":29},"end":{"line":374,"column":1}},"line":372},"82":{"name":"block_body","decl":{"start":{"line":375,"column":9},"end":{"line":375,"column":19}},"loc":{"start":{"line":375,"column":31},"end":{"line":377,"column":1}},"line":375},"83":{"name":"make_block","decl":{"start":{"line":378,"column":9},"end":{"line":378,"column":19}},"loc":{"start":{"line":378,"column":31},"end":{"line":380,"column":1}},"line":378},"84":{"name":"is_operator_combination","decl":{"start":{"line":381,"column":9},"end":{"line":381,"column":32}},"loc":{"start":{"line":381,"column":44},"end":{"line":384,"column":1}},"line":381},"85":{"name":"is_unary_operator_combination","decl":{"start":{"line":385,"column":9},"end":{"line":385,"column":38}},"loc":{"start":{"line":385,"column":50},"end":{"line":387,"column":1}},"line":385},"86":{"name":"is_binary_operator_combination","decl":{"start":{"line":388,"column":9},"end":{"line":388,"column":39}},"loc":{"start":{"line":388,"column":51},"end":{"line":390,"column":1}},"line":388},"87":{"name":"operator_symbol","decl":{"start":{"line":391,"column":9},"end":{"line":391,"column":24}},"loc":{"start":{"line":391,"column":36},"end":{"line":393,"column":1}},"line":391},"88":{"name":"first_operand","decl":{"start":{"line":394,"column":9},"end":{"line":394,"column":22}},"loc":{"start":{"line":394,"column":34},"end":{"line":401,"column":1}},"line":394},"89":{"name":"second_operand","decl":{"start":{"line":402,"column":9},"end":{"line":402,"column":23}},"loc":{"start":{"line":402,"column":35},"end":{"line":404,"column":1}},"line":402},"90":{"name":"make_application","decl":{"start":{"line":405,"column":9},"end":{"line":405,"column":25}},"loc":{"start":{"line":405,"column":69},"end":{"line":407,"column":1}},"line":405},"91":{"name":"operator_combination_to_application","decl":{"start":{"line":408,"column":9},"end":{"line":408,"column":44}},"loc":{"start":{"line":408,"column":56},"end":{"line":413,"column":1}},"line":408},"92":{"name":"is_application","decl":{"start":{"line":414,"column":9},"end":{"line":414,"column":23}},"loc":{"start":{"line":414,"column":35},"end":{"line":416,"column":1}},"line":414},"93":{"name":"function_expression","decl":{"start":{"line":417,"column":9},"end":{"line":417,"column":28}},"loc":{"start":{"line":417,"column":40},"end":{"line":419,"column":1}},"line":417},"94":{"name":"arg_expressions","decl":{"start":{"line":420,"column":9},"end":{"line":420,"column":24}},"loc":{"start":{"line":420,"column":36},"end":{"line":422,"column":1}},"line":420},"95":{"name":"is_truthy","decl":{"start":{"line":424,"column":9},"end":{"line":424,"column":18}},"loc":{"start":{"line":424,"column":22},"end":{"line":428,"column":1}},"line":424},"96":{"name":"is_falsy","decl":{"start":{"line":429,"column":9},"end":{"line":429,"column":17}},"loc":{"start":{"line":429,"column":21},"end":{"line":429,"column":46}},"line":429},"97":{"name":"make_function","decl":{"start":{"line":430,"column":9},"end":{"line":430,"column":22}},"loc":{"start":{"line":430,"column":46},"end":{"line":432,"column":1}},"line":430},"98":{"name":"is_compound_function","decl":{"start":{"line":433,"column":9},"end":{"line":433,"column":29}},"loc":{"start":{"line":433,"column":33},"end":{"line":435,"column":1}},"line":433},"99":{"name":"function_parameters","decl":{"start":{"line":436,"column":9},"end":{"line":436,"column":28}},"loc":{"start":{"line":436,"column":32},"end":{"line":438,"column":1}},"line":436},"100":{"name":"function_body","decl":{"start":{"line":439,"column":9},"end":{"line":439,"column":22}},"loc":{"start":{"line":439,"column":26},"end":{"line":441,"column":1}},"line":439},"101":{"name":"function_environment","decl":{"start":{"line":442,"column":9},"end":{"line":442,"column":29}},"loc":{"start":{"line":442,"column":33},"end":{"line":444,"column":1}},"line":442},"102":{"name":"make_return_value","decl":{"start":{"line":445,"column":9},"end":{"line":445,"column":26}},"loc":{"start":{"line":445,"column":36},"end":{"line":447,"column":1}},"line":445},"103":{"name":"is_return_value","decl":{"start":{"line":448,"column":9},"end":{"line":448,"column":24}},"loc":{"start":{"line":448,"column":32},"end":{"line":450,"column":1}},"line":448},"104":{"name":"return_value_content","decl":{"start":{"line":451,"column":9},"end":{"line":451,"column":29}},"loc":{"start":{"line":451,"column":37},"end":{"line":453,"column":1}},"line":451},"105":{"name":"enclosing_environment","decl":{"start":{"line":454,"column":9},"end":{"line":454,"column":30}},"loc":{"start":{"line":454,"column":36},"end":{"line":456,"column":1}},"line":454},"106":{"name":"first_frame","decl":{"start":{"line":457,"column":9},"end":{"line":457,"column":20}},"loc":{"start":{"line":457,"column":26},"end":{"line":457,"column":59}},"line":457},"107":{"name":"make_frame","decl":{"start":{"line":459,"column":9},"end":{"line":459,"column":19}},"loc":{"start":{"line":459,"column":37},"end":{"line":461,"column":1}},"line":459},"108":{"name":"frame_symbols","decl":{"start":{"line":462,"column":9},"end":{"line":462,"column":22}},"loc":{"start":{"line":462,"column":30},"end":{"line":462,"column":65}},"line":462},"109":{"name":"frame_values","decl":{"start":{"line":463,"column":9},"end":{"line":463,"column":21}},"loc":{"start":{"line":463,"column":29},"end":{"line":463,"column":64}},"line":463},"110":{"name":"extend_environment","decl":{"start":{"line":464,"column":9},"end":{"line":464,"column":27}},"loc":{"start":{"line":464,"column":53},"end":{"line":474,"column":1}},"line":464},"111":{"name":"lookup_symbol_value","decl":{"start":{"line":475,"column":9},"end":{"line":475,"column":28}},"loc":{"start":{"line":475,"column":42},"end":{"line":493,"column":1}},"line":475},"112":{"name":"env_loop","decl":{"start":{"line":476,"column":13},"end":{"line":476,"column":21}},"loc":{"start":{"line":476,"column":27},"end":{"line":491,"column":5}},"line":476},"113":{"name":"scan","decl":{"start":{"line":477,"column":17},"end":{"line":477,"column":21}},"loc":{"start":{"line":477,"column":48},"end":{"line":483,"column":9}},"line":477},"114":{"name":"assign_symbol_value","decl":{"start":{"line":494,"column":9},"end":{"line":494,"column":28}},"loc":{"start":{"line":494,"column":47},"end":{"line":512,"column":1}},"line":494},"115":{"name":"env_loop","decl":{"start":{"line":495,"column":13},"end":{"line":495,"column":21}},"loc":{"start":{"line":495,"column":27},"end":{"line":510,"column":5}},"line":495},"116":{"name":"scan","decl":{"start":{"line":496,"column":17},"end":{"line":496,"column":21}},"loc":{"start":{"line":496,"column":48},"end":{"line":502,"column":9}},"line":496},"117":{"name":"is_primitive_function","decl":{"start":{"line":514,"column":9},"end":{"line":514,"column":30}},"loc":{"start":{"line":514,"column":36},"end":{"line":516,"column":1}},"line":514},"118":{"name":"primitive_implementation","decl":{"start":{"line":517,"column":9},"end":{"line":517,"column":33}},"loc":{"start":{"line":517,"column":39},"end":{"line":517,"column":90}},"line":517},"119":{"name":"(anonymous_119)","decl":{"start":{"line":518,"column":608},"end":{"line":518,"column":609}},"loc":{"start":{"line":518,"column":624},"end":{"line":518,"column":641}},"line":518},"120":{"name":"(anonymous_120)","decl":{"start":{"line":518,"column":690},"end":{"line":518,"column":691}},"loc":{"start":{"line":518,"column":706},"end":{"line":518,"column":723}},"line":518},"121":{"name":"(anonymous_121)","decl":{"start":{"line":518,"column":777},"end":{"line":518,"column":778}},"loc":{"start":{"line":518,"column":790},"end":{"line":518,"column":804}},"line":518},"122":{"name":"(anonymous_122)","decl":{"start":{"line":518,"column":853},"end":{"line":518,"column":854}},"loc":{"start":{"line":518,"column":869},"end":{"line":518,"column":886}},"line":518},"123":{"name":"(anonymous_123)","decl":{"start":{"line":518,"column":935},"end":{"line":518,"column":936}},"loc":{"start":{"line":518,"column":951},"end":{"line":518,"column":968}},"line":518},"124":{"name":"(anonymous_124)","decl":{"start":{"line":518,"column":1017},"end":{"line":518,"column":1018}},"loc":{"start":{"line":518,"column":1033},"end":{"line":518,"column":1050}},"line":518},"125":{"name":"(anonymous_125)","decl":{"start":{"line":518,"column":1101},"end":{"line":518,"column":1102}},"loc":{"start":{"line":518,"column":1117},"end":{"line":518,"column":1136}},"line":518},"126":{"name":"(anonymous_126)","decl":{"start":{"line":518,"column":1187},"end":{"line":518,"column":1188}},"loc":{"start":{"line":518,"column":1203},"end":{"line":518,"column":1222}},"line":518},"127":{"name":"(anonymous_127)","decl":{"start":{"line":518,"column":1271},"end":{"line":518,"column":1272}},"loc":{"start":{"line":518,"column":1287},"end":{"line":518,"column":1304}},"line":518},"128":{"name":"(anonymous_128)","decl":{"start":{"line":518,"column":1354},"end":{"line":518,"column":1355}},"loc":{"start":{"line":518,"column":1370},"end":{"line":518,"column":1388}},"line":518},"129":{"name":"(anonymous_129)","decl":{"start":{"line":518,"column":1437},"end":{"line":518,"column":1438}},"loc":{"start":{"line":518,"column":1453},"end":{"line":518,"column":1470}},"line":518},"130":{"name":"(anonymous_130)","decl":{"start":{"line":518,"column":1520},"end":{"line":518,"column":1521}},"loc":{"start":{"line":518,"column":1536},"end":{"line":518,"column":1554}},"line":518},"131":{"name":"(anonymous_131)","decl":{"start":{"line":518,"column":1603},"end":{"line":518,"column":1604}},"loc":{"start":{"line":518,"column":1616},"end":{"line":518,"column":1630}},"line":518},"132":{"name":"(anonymous_132)","decl":{"start":{"line":520,"column":49},"end":{"line":520,"column":50}},"loc":{"start":{"line":520,"column":64},"end":{"line":520,"column":170}},"line":520},"133":{"name":"(anonymous_133)","decl":{"start":{"line":523,"column":48},"end":{"line":523,"column":49}},"loc":{"start":{"line":523,"column":61},"end":{"line":523,"column":110}},"line":523},"134":{"name":"apply_primitive_function","decl":{"start":{"line":524,"column":9},"end":{"line":524,"column":33}},"loc":{"start":{"line":524,"column":48},"end":{"line":526,"column":1}},"line":524},"135":{"name":"setup_environment","decl":{"start":{"line":527,"column":9},"end":{"line":527,"column":26}},"loc":{"start":{"line":527,"column":29},"end":{"line":529,"column":1}},"line":527},"136":{"name":"to_string","decl":{"start":{"line":530,"column":9},"end":{"line":530,"column":18}},"loc":{"start":{"line":530,"column":27},"end":{"line":539,"column":1}},"line":530},"137":{"name":"user_print","decl":{"start":{"line":540,"column":9},"end":{"line":540,"column":19}},"loc":{"start":{"line":540,"column":43},"end":{"line":542,"column":1}},"line":540},"138":{"name":"user_read","decl":{"start":{"line":543,"column":9},"end":{"line":543,"column":18}},"loc":{"start":{"line":543,"column":34},"end":{"line":546,"column":1}},"line":543},"139":{"name":"driver_loop","decl":{"start":{"line":549,"column":9},"end":{"line":549,"column":20}},"loc":{"start":{"line":549,"column":35},"end":{"line":568,"column":1}},"line":549}},"branchMap":{"0":{"loc":{"start":{"line":17,"column":15},"end":{"line":19,"column":38}},"type":"binary-expr","locations":[{"start":{"line":17,"column":15},"end":{"line":17,"column":30}},{"start":{"line":17,"column":34},"end":{"line":17,"column":52}},{"start":{"line":18,"column":12},"end":{"line":18,"column":42}},{"start":{"line":18,"column":46},"end":{"line":18,"column":76}},{"start":{"line":18,"column":80},"end":{"line":18,"column":100}},{"start":{"line":19,"column":12},"end":{"line":19,"column":38}}],"line":17},"1":{"loc":{"start":{"line":23,"column":15},"end":{"line":25,"column":89}},"type":"binary-expr","locations":[{"start":{"line":23,"column":15},"end":{"line":23,"column":47}},{"start":{"line":23,"column":51},"end":{"line":23,"column":78}},{"start":{"line":24,"column":12},"end":{"line":24,"column":26}},{"start":{"line":24,"column":30},"end":{"line":24,"column":47}},{"start":{"line":24,"column":51},"end":{"line":24,"column":72}},{"start":{"line":25,"column":12},"end":{"line":25,"column":48}},{"start":{"line":25,"column":52},"end":{"line":25,"column":89}}],"line":23},"2":{"loc":{"start":{"line":28,"column":15},"end":{"line":28,"column":88}},"type":"binary-expr","locations":[{"start":{"line":28,"column":15},"end":{"line":28,"column":45}},{"start":{"line":28,"column":49},"end":{"line":28,"column":88}}],"line":28},"3":{"loc":{"start":{"line":40,"column":15},"end":{"line":41,"column":61}},"type":"binary-expr","locations":[{"start":{"line":40,"column":15},"end":{"line":40,"column":64}},{"start":{"line":41,"column":12},"end":{"line":41,"column":61}}],"line":40},"4":{"loc":{"start":{"line":62,"column":15},"end":{"line":63,"column":53}},"type":"binary-expr","locations":[{"start":{"line":62,"column":15},"end":{"line":62,"column":55}},{"start":{"line":63,"column":12},"end":{"line":63,"column":53}}],"line":62},"5":{"loc":{"start":{"line":87,"column":15},"end":{"line":90,"column":103}},"type":"cond-expr","locations":[{"start":{"line":88,"column":14},"end":{"line":88,"column":108}},{"start":{"line":89,"column":14},"end":{"line":90,"column":103}}],"line":87},"6":{"loc":{"start":{"line":125,"column":15},"end":{"line":129,"column":89}},"type":"cond-expr","locations":[{"start":{"line":126,"column":14},"end":{"line":126,"column":45}},{"start":{"line":127,"column":14},"end":{"line":129,"column":89}}],"line":125},"7":{"loc":{"start":{"line":127,"column":14},"end":{"line":129,"column":89}},"type":"cond-expr","locations":[{"start":{"line":128,"column":18},"end":{"line":128,"column":48}},{"start":{"line":129,"column":18},"end":{"line":129,"column":89}}],"line":127},"8":{"loc":{"start":{"line":132,"column":15},"end":{"line":144,"column":76}},"type":"cond-expr","locations":[{"start":{"line":133,"column":14},"end":{"line":133,"column":37}},{"start":{"line":134,"column":14},"end":{"line":144,"column":76}}],"line":132},"9":{"loc":{"start":{"line":134,"column":14},"end":{"line":144,"column":76}},"type":"cond-expr","locations":[{"start":{"line":135,"column":18},"end":{"line":135,"column":38}},{"start":{"line":136,"column":18},"end":{"line":144,"column":76}}],"line":134},"10":{"loc":{"start":{"line":136,"column":18},"end":{"line":144,"column":76}},"type":"cond-expr","locations":[{"start":{"line":137,"column":22},"end":{"line":137,"column":53}},{"start":{"line":138,"column":22},"end":{"line":144,"column":76}}],"line":136},"11":{"loc":{"start":{"line":138,"column":22},"end":{"line":144,"column":76}},"type":"cond-expr","locations":[{"start":{"line":139,"column":26},"end":{"line":139,"column":61}},{"start":{"line":140,"column":26},"end":{"line":144,"column":76}}],"line":138},"12":{"loc":{"start":{"line":140,"column":26},"end":{"line":144,"column":76}},"type":"cond-expr","locations":[{"start":{"line":141,"column":30},"end":{"line":141,"column":56}},{"start":{"line":142,"column":30},"end":{"line":144,"column":76}}],"line":140},"13":{"loc":{"start":{"line":142,"column":30},"end":{"line":144,"column":76}},"type":"cond-expr","locations":[{"start":{"line":143,"column":34},"end":{"line":143,"column":59}},{"start":{"line":144,"column":34},"end":{"line":144,"column":76}}],"line":142},"14":{"loc":{"start":{"line":147,"column":15},"end":{"line":159,"column":78}},"type":"cond-expr","locations":[{"start":{"line":148,"column":14},"end":{"line":148,"column":36}},{"start":{"line":149,"column":14},"end":{"line":159,"column":78}}],"line":147},"15":{"loc":{"start":{"line":149,"column":14},"end":{"line":159,"column":78}},"type":"cond-expr","locations":[{"start":{"line":150,"column":18},"end":{"line":150,"column":37}},{"start":{"line":151,"column":18},"end":{"line":159,"column":78}}],"line":149},"16":{"loc":{"start":{"line":151,"column":18},"end":{"line":159,"column":78}},"type":"cond-expr","locations":[{"start":{"line":152,"column":22},"end":{"line":152,"column":48}},{"start":{"line":153,"column":22},"end":{"line":159,"column":78}}],"line":151},"17":{"loc":{"start":{"line":153,"column":22},"end":{"line":159,"column":78}},"type":"cond-expr","locations":[{"start":{"line":154,"column":26},"end":{"line":154,"column":61}},{"start":{"line":155,"column":26},"end":{"line":159,"column":78}}],"line":153},"18":{"loc":{"start":{"line":155,"column":26},"end":{"line":159,"column":78}},"type":"cond-expr","locations":[{"start":{"line":156,"column":30},"end":{"line":156,"column":56}},{"start":{"line":157,"column":30},"end":{"line":159,"column":78}}],"line":155},"19":{"loc":{"start":{"line":157,"column":30},"end":{"line":159,"column":78}},"type":"cond-expr","locations":[{"start":{"line":158,"column":34},"end":{"line":158,"column":55}},{"start":{"line":159,"column":34},"end":{"line":159,"column":78}}],"line":157},"20":{"loc":{"start":{"line":167,"column":11},"end":{"line":191,"column":112}},"type":"cond-expr","locations":[{"start":{"line":168,"column":10},"end":{"line":168,"column":34}},{"start":{"line":169,"column":10},"end":{"line":191,"column":112}}],"line":167},"21":{"loc":{"start":{"line":169,"column":10},"end":{"line":191,"column":112}},"type":"cond-expr","locations":[{"start":{"line":170,"column":14},"end":{"line":170,"column":65}},{"start":{"line":171,"column":14},"end":{"line":191,"column":112}}],"line":169},"22":{"loc":{"start":{"line":171,"column":14},"end":{"line":191,"column":112}},"type":"cond-expr","locations":[{"start":{"line":172,"column":18},"end":{"line":172,"column":119}},{"start":{"line":173,"column":18},"end":{"line":191,"column":112}}],"line":171},"23":{"loc":{"start":{"line":173,"column":18},"end":{"line":191,"column":112}},"type":"cond-expr","locations":[{"start":{"line":174,"column":22},"end":{"line":174,"column":83}},{"start":{"line":175,"column":22},"end":{"line":191,"column":112}}],"line":173},"24":{"loc":{"start":{"line":175,"column":22},"end":{"line":191,"column":112}},"type":"cond-expr","locations":[{"start":{"line":176,"column":26},"end":{"line":176,"column":58}},{"start":{"line":177,"column":26},"end":{"line":191,"column":112}}],"line":175},"25":{"loc":{"start":{"line":177,"column":26},"end":{"line":191,"column":112}},"type":"cond-expr","locations":[{"start":{"line":178,"column":30},"end":{"line":178,"column":109}},{"start":{"line":179,"column":30},"end":{"line":191,"column":112}}],"line":177},"26":{"loc":{"start":{"line":179,"column":30},"end":{"line":191,"column":112}},"type":"cond-expr","locations":[{"start":{"line":180,"column":34},"end":{"line":180,"column":84}},{"start":{"line":181,"column":34},"end":{"line":191,"column":112}}],"line":179},"27":{"loc":{"start":{"line":181,"column":34},"end":{"line":191,"column":112}},"type":"cond-expr","locations":[{"start":{"line":182,"column":38},"end":{"line":182,"column":64}},{"start":{"line":183,"column":38},"end":{"line":191,"column":112}}],"line":181},"28":{"loc":{"start":{"line":183,"column":38},"end":{"line":191,"column":112}},"type":"cond-expr","locations":[{"start":{"line":184,"column":42},"end":{"line":184,"column":79}},{"start":{"line":185,"column":42},"end":{"line":191,"column":112}}],"line":183},"29":{"loc":{"start":{"line":185,"column":42},"end":{"line":191,"column":112}},"type":"cond-expr","locations":[{"start":{"line":186,"column":46},"end":{"line":186,"column":102}},{"start":{"line":187,"column":46},"end":{"line":191,"column":112}}],"line":185},"30":{"loc":{"start":{"line":187,"column":46},"end":{"line":191,"column":112}},"type":"cond-expr","locations":[{"start":{"line":188,"column":50},"end":{"line":188,"column":82}},{"start":{"line":189,"column":50},"end":{"line":191,"column":112}}],"line":187},"31":{"loc":{"start":{"line":189,"column":50},"end":{"line":191,"column":112}},"type":"cond-expr","locations":[{"start":{"line":190,"column":54},"end":{"line":190,"column":85}},{"start":{"line":191,"column":54},"end":{"line":191,"column":112}}],"line":189},"32":{"loc":{"start":{"line":194,"column":4},"end":{"line":205,"column":5}},"type":"if","locations":[{"start":{"line":194,"column":4},"end":{"line":205,"column":5}},{"start":{"line":197,"column":9},"end":{"line":205,"column":5}}],"line":194},"33":{"loc":{"start":{"line":197,"column":9},"end":{"line":205,"column":5}},"type":"if","locations":[{"start":{"line":197,"column":9},"end":{"line":205,"column":5}},{"start":{"line":203,"column":9},"end":{"line":205,"column":5}}],"line":197},"34":{"loc":{"start":{"line":199,"column":15},"end":{"line":201,"column":23}},"type":"cond-expr","locations":[{"start":{"line":200,"column":14},"end":{"line":200,"column":42}},{"start":{"line":201,"column":14},"end":{"line":201,"column":23}}],"line":199},"35":{"loc":{"start":{"line":211,"column":11},"end":{"line":213,"column":59}},"type":"cond-expr","locations":[{"start":{"line":212,"column":10},"end":{"line":212,"column":58}},{"start":{"line":213,"column":10},"end":{"line":213,"column":59}}],"line":211},"36":{"loc":{"start":{"line":216,"column":4},"end":{"line":230,"column":5}},"type":"if","locations":[{"start":{"line":216,"column":4},"end":{"line":230,"column":5}},{"start":{"line":219,"column":9},"end":{"line":230,"column":5}}],"line":216},"37":{"loc":{"start":{"line":219,"column":9},"end":{"line":230,"column":5}},"type":"if","locations":[{"start":{"line":219,"column":9},"end":{"line":230,"column":5}},{"start":{"line":222,"column":9},"end":{"line":230,"column":5}}],"line":219},"38":{"loc":{"start":{"line":224,"column":8},"end":{"line":229,"column":9}},"type":"if","locations":[{"start":{"line":224,"column":8},"end":{"line":229,"column":9}},{"start":{"line":227,"column":13},"end":{"line":229,"column":9}}],"line":224},"39":{"loc":{"start":{"line":233,"column":11},"end":{"line":237,"column":18}},"type":"cond-expr","locations":[{"start":{"line":234,"column":10},"end":{"line":234,"column":125}},{"start":{"line":235,"column":10},"end":{"line":237,"column":18}}],"line":233},"40":{"loc":{"start":{"line":235,"column":10},"end":{"line":237,"column":18}},"type":"cond-expr","locations":[{"start":{"line":236,"column":14},"end":{"line":236,"column":61}},{"start":{"line":237,"column":14},"end":{"line":237,"column":18}}],"line":235},"41":{"loc":{"start":{"line":262,"column":11},"end":{"line":262,"column":77}},"type":"cond-expr","locations":[{"start":{"line":262,"column":44},"end":{"line":262,"column":49}},{"start":{"line":262,"column":52},"end":{"line":262,"column":77}}],"line":262},"42":{"loc":{"start":{"line":292,"column":11},"end":{"line":293,"column":59}},"type":"binary-expr","locations":[{"start":{"line":292,"column":11},"end":{"line":292,"column":62}},{"start":{"line":293,"column":8},"end":{"line":293,"column":59}}],"line":292},"43":{"loc":{"start":{"line":299,"column":4},"end":{"line":304,"column":5}},"type":"if","locations":[{"start":{"line":299,"column":4},"end":{"line":304,"column":5}},{"start":{"line":302,"column":9},"end":{"line":304,"column":5}}],"line":299},"44":{"loc":{"start":{"line":382,"column":11},"end":{"line":383,"column":49}},"type":"binary-expr","locations":[{"start":{"line":382,"column":11},"end":{"line":382,"column":51}},{"start":{"line":383,"column":8},"end":{"line":383,"column":49}}],"line":382},"45":{"loc":{"start":{"line":395,"column":4},"end":{"line":400,"column":5}},"type":"if","locations":[{"start":{"line":395,"column":4},"end":{"line":400,"column":5}},{"start":{"line":398,"column":9},"end":{"line":400,"column":5}}],"line":395},"46":{"loc":{"start":{"line":410,"column":11},"end":{"line":412,"column":118}},"type":"cond-expr","locations":[{"start":{"line":411,"column":10},"end":{"line":411,"column":91}},{"start":{"line":412,"column":10},"end":{"line":412,"column":118}}],"line":410},"47":{"loc":{"start":{"line":425,"column":11},"end":{"line":427,"column":60}},"type":"cond-expr","locations":[{"start":{"line":426,"column":10},"end":{"line":426,"column":11}},{"start":{"line":427,"column":10},"end":{"line":427,"column":60}}],"line":425},"48":{"loc":{"start":{"line":465,"column":11},"end":{"line":473,"column":44}},"type":"cond-expr","locations":[{"start":{"line":466,"column":10},"end":{"line":466,"column":63}},{"start":{"line":467,"column":10},"end":{"line":473,"column":44}}],"line":465},"49":{"loc":{"start":{"line":467,"column":10},"end":{"line":473,"column":44}},"type":"cond-expr","locations":[{"start":{"line":468,"column":14},"end":{"line":470,"column":44}},{"start":{"line":471,"column":14},"end":{"line":473,"column":44}}],"line":467},"50":{"loc":{"start":{"line":478,"column":19},"end":{"line":482,"column":88}},"type":"cond-expr","locations":[{"start":{"line":479,"column":18},"end":{"line":479,"column":37}},{"start":{"line":480,"column":18},"end":{"line":482,"column":88}}],"line":478},"51":{"loc":{"start":{"line":478,"column":19},"end":{"line":478,"column":76}},"type":"binary-expr","locations":[{"start":{"line":478,"column":19},"end":{"line":478,"column":47}},{"start":{"line":478,"column":51},"end":{"line":478,"column":76}}],"line":478},"52":{"loc":{"start":{"line":480,"column":18},"end":{"line":482,"column":88}},"type":"cond-expr","locations":[{"start":{"line":481,"column":22},"end":{"line":481,"column":44}},{"start":{"line":482,"column":22},"end":{"line":482,"column":88}}],"line":480},"53":{"loc":{"start":{"line":484,"column":8},"end":{"line":490,"column":9}},"type":"if","locations":[{"start":{"line":484,"column":8},"end":{"line":490,"column":9}},{"start":{"line":487,"column":13},"end":{"line":490,"column":9}}],"line":484},"54":{"loc":{"start":{"line":497,"column":19},"end":{"line":501,"column":88}},"type":"cond-expr","locations":[{"start":{"line":498,"column":18},"end":{"line":498,"column":37}},{"start":{"line":499,"column":18},"end":{"line":501,"column":88}}],"line":497},"55":{"loc":{"start":{"line":497,"column":19},"end":{"line":497,"column":76}},"type":"binary-expr","locations":[{"start":{"line":497,"column":19},"end":{"line":497,"column":47}},{"start":{"line":497,"column":51},"end":{"line":497,"column":76}}],"line":497},"56":{"loc":{"start":{"line":499,"column":18},"end":{"line":501,"column":88}},"type":"cond-expr","locations":[{"start":{"line":500,"column":22},"end":{"line":500,"column":53}},{"start":{"line":501,"column":22},"end":{"line":501,"column":88}}],"line":499},"57":{"loc":{"start":{"line":503,"column":8},"end":{"line":509,"column":9}},"type":"if","locations":[{"start":{"line":503,"column":8},"end":{"line":509,"column":9}},{"start":{"line":506,"column":13},"end":{"line":509,"column":9}}],"line":503},"58":{"loc":{"start":{"line":531,"column":11},"end":{"line":538,"column":47}},"type":"cond-expr","locations":[{"start":{"line":532,"column":10},"end":{"line":532,"column":31}},{"start":{"line":533,"column":10},"end":{"line":538,"column":47}}],"line":531},"59":{"loc":{"start":{"line":533,"column":10},"end":{"line":538,"column":47}},"type":"cond-expr","locations":[{"start":{"line":534,"column":14},"end":{"line":534,"column":36}},{"start":{"line":535,"column":14},"end":{"line":538,"column":47}}],"line":533},"60":{"loc":{"start":{"line":535,"column":14},"end":{"line":538,"column":47}},"type":"cond-expr","locations":[{"start":{"line":536,"column":18},"end":{"line":537,"column":63}},{"start":{"line":538,"column":18},"end":{"line":538,"column":47}}],"line":535},"61":{"loc":{"start":{"line":551,"column":4},"end":{"line":567,"column":5}},"type":"if","locations":[{"start":{"line":551,"column":4},"end":{"line":567,"column":5}},{"start":{"line":554,"column":9},"end":{"line":567,"column":5}}],"line":551}},"s":{"0":1,"1":1,"2":1,"3":1,"4":1,"5":1,"6":1,"7":1,"8":1,"9":1,"10":1,"11":3,"12":3,"13":12,"14":12,"15":56,"16":19,"17":11,"18":0,"19":1,"20":0,"21":2,"22":3,"23":1,"24":3,"25":3,"26":4,"27":4,"28":4,"29":5,"30":10,"31":8,"32":1,"33":3,"34":3,"35":3,"36":1,"37":0,"38":0,"39":0,"40":1,"41":1,"42":1,"43":0,"44":12,"45":3,"46":19,"47":9,"48":19,"49":3,"50":0,"51":3,"52":0,"53":0,"54":3,"55":3,"56":6,"57":1,"58":0,"59":0,"60":0,"61":0,"62":0,"63":0,"64":0,"65":0,"66":2,"67":0,"68":0,"69":0,"70":0,"71":2,"72":2,"73":0,"74":0,"75":0,"76":0,"77":1,"78":1,"79":68,"80":19,"81":6,"82":0,"83":13,"84":2,"85":9,"86":0,"87":0,"88":0,"89":3,"90":3,"91":1,"92":1,"93":0,"94":0,"95":1,"96":0,"97":0,"98":0,"99":1,"100":0,"101":0,"102":0,"103":0,"104":1,"105":0,"106":2,"107":1,"108":0,"109":0,"110":3,"111":0,"112":0,"113":0,"114":0,"115":0,"116":1,"117":0,"118":0,"119":4,"120":6,"121":4,"122":2,"123":2,"124":0,"125":2,"126":2,"127":2,"128":2,"129":2,"130":7,"131":3,"132":3,"133":0,"134":0,"135":0,"136":3,"137":0,"138":0,"139":0,"140":0,"141":0,"142":0,"143":11,"144":11,"145":1,"146":3,"147":11,"148":11,"149":3,"150":40,"151":10,"152":0,"153":10,"154":10,"155":6,"156":1,"157":1,"158":0,"159":1,"160":1,"161":1,"162":3,"163":0,"164":1,"165":0,"166":0,"167":0,"168":0,"169":0,"170":0,"171":0,"172":0,"173":0,"174":0,"175":0,"176":0,"177":0,"178":1,"179":1,"180":21,"181":1,"182":1,"183":1,"184":5,"185":0,"186":1,"187":0,"188":0,"189":0,"190":0,"191":1,"192":1,"193":0,"194":0,"195":0,"196":0,"197":0,"198":0,"199":0,"200":0,"201":0,"202":0},"f":{"0":9,"1":3,"2":12,"3":56,"4":19,"5":11,"6":0,"7":1,"8":0,"9":2,"10":3,"11":1,"12":3,"13":3,"14":4,"15":4,"16":4,"17":5,"18":10,"19":8,"20":1,"21":3,"22":1,"23":0,"24":0,"25":0,"26":1,"27":1,"28":1,"29":0,"30":12,"31":3,"32":19,"33":19,"34":3,"35":3,"36":6,"37":1,"38":0,"39":2,"40":0,"41":2,"42":2,"43":0,"44":0,"45":1,"46":68,"47":19,"48":6,"49":0,"50":13,"51":2,"52":9,"53":0,"54":0,"55":0,"56":3,"57":3,"58":1,"59":0,"60":1,"61":0,"62":0,"63":0,"64":1,"65":0,"66":0,"67":0,"68":0,"69":1,"70":0,"71":2,"72":1,"73":0,"74":0,"75":3,"76":0,"77":0,"78":0,"79":0,"80":0,"81":1,"82":0,"83":0,"84":4,"85":6,"86":4,"87":2,"88":2,"89":2,"90":2,"91":2,"92":7,"93":3,"94":3,"95":0,"96":0,"97":0,"98":3,"99":0,"100":0,"101":0,"102":0,"103":0,"104":0,"105":11,"106":11,"107":3,"108":11,"109":11,"110":3,"111":6,"112":10,"113":40,"114":1,"115":1,"116":1,"117":3,"118":0,"119":0,"120":0,"121":0,"122":0,"123":0,"124":0,"125":0,"126":0,"127":0,"128":0,"129":0,"130":0,"131":0,"132":21,"133":5,"134":0,"135":1,"136":0,"137":0,"138":0,"139":0},"b":{"0":[3,3,3,2,1,1],"1":[12,11,11,10,5,4,4],"2":[56,56],"3":[1,0],"4":[4,4],"5":[0,3],"6":[9,3],"7":[3,0],"8":[0,3],"9":[0,3],"10":[1,2],"11":[1,1],"12":[1,0],"13":[0,0],"14":[8,11],"15":[6,5],"16":[1,4],"17":[3,1],"18":[1,0],"19":[0,0],"20":[6,13],"21":[6,7],"22":[3,4],"23":[2,2],"24":[1,1],"25":[0,1],"26":[0,1],"27":[0,1],"28":[0,1],"29":[0,1],"30":[1,0],"31":[0,0],"32":[0,3],"33":[0,3],"34":[0,0],"35":[0,0],"36":[0,0],"37":[0,0],"38":[0,0],"39":[0,2],"40":[2,0],"41":[4,64],"42":[3,1],"43":[1,0],"44":[4,4],"45":[0,2],"46":[0,2],"47":[0,0],"48":[3,0],"49":[0,0],"50":[4,36],"51":[40,36],"52":[6,30],"53":[0,10],"54":[0,1],"55":[1,1],"56":[1,0],"57":[0,1],"58":[0,0],"59":[0,0],"60":[0,0],"61":[0,0]},"inputSourceMap":null,"_coverageSchema":"1a1c01bbd47fc00a2c39e90264f33305004495a9","hash":"4ea1f4eeb06c5125d8bd4f4ce80df235b2df90d8"}
}
