{"C:\\Users\\Admin\\Documents\\Code\\homework11\\mce-typed\\src\\mce.ts": {"path":"C:\\Users\\Admin\\Documents\\Code\\homework11\\mce-typed\\src\\mce.ts","statementMap":{"0":{"start":{"line":1,"column":0},"end":{"line":1,"column":44}},"1":{"start":{"line":3,"column":34},"end":{"line":3,"column":59}},"2":{"start":{"line":5,"column":0},"end":{"line":5,"column":null}},"3":{"start":{"line":78,"column":20},"end":{"line":78,"column":27}},"4":{"start":{"line":79,"column":8},"end":{"line":81,"column":39}},"5":{"start":{"line":84,"column":20},"end":{"line":84,"column":27}},"6":{"start":{"line":85,"column":8},"end":{"line":87,"column":90}},"7":{"start":{"line":90,"column":8},"end":{"line":90,"column":65}},"8":{"start":{"line":93,"column":8},"end":{"line":93,"column":52}},"9":{"start":{"line":96,"column":8},"end":{"line":96,"column":49}},"10":{"start":{"line":99,"column":8},"end":{"line":99,"column":55}},"11":{"start":{"line":102,"column":8},"end":{"line":103,"column":62}},"12":{"start":{"line":106,"column":8},"end":{"line":106,"column":62}},"13":{"start":{"line":109,"column":8},"end":{"line":109,"column":65}},"14":{"start":{"line":112,"column":8},"end":{"line":112,"column":61}},"15":{"start":{"line":115,"column":8},"end":{"line":115,"column":67}},"16":{"start":{"line":118,"column":8},"end":{"line":118,"column":48}},"17":{"start":{"line":121,"column":8},"end":{"line":121,"column":50}},"18":{"start":{"line":124,"column":8},"end":{"line":125,"column":54}},"19":{"start":{"line":128,"column":8},"end":{"line":128,"column":71}},"20":{"start":{"line":131,"column":8},"end":{"line":131,"column":72}},"21":{"start":{"line":134,"column":8},"end":{"line":134,"column":56}},"22":{"start":{"line":139,"column":8},"end":{"line":139,"column":57}},"23":{"start":{"line":142,"column":8},"end":{"line":142,"column":62}},"24":{"start":{"line":145,"column":8},"end":{"line":145,"column":160}},"25":{"start":{"line":148,"column":35},"end":{"line":148,"column":49}},"26":{"start":{"line":149,"column":43},"end":{"line":149,"column":84}},"27":{"start":{"line":150,"column":8},"end":{"line":153,"column":68}},"28":{"start":{"line":156,"column":8},"end":{"line":158,"column":82}},"29":{"start":{"line":161,"column":8},"end":{"line":162,"column":68}},"30":{"start":{"line":165,"column":8},"end":{"line":165,"column":90}},"31":{"start":{"line":168,"column":8},"end":{"line":168,"column":78}},"32":{"start":{"line":171,"column":8},"end":{"line":171,"column":101}},"33":{"start":{"line":174,"column":8},"end":{"line":177,"column":74}},"34":{"start":{"line":180,"column":8},"end":{"line":181,"column":77}},"35":{"start":{"line":184,"column":8},"end":{"line":185,"column":81}},"36":{"start":{"line":189,"column":8},"end":{"line":193,"column":74}},"37":{"start":{"line":197,"column":8},"end":{"line":209,"column":45}},"38":{"start":{"line":213,"column":8},"end":{"line":225,"column":47}},"39":{"start":{"line":228,"column":4},"end":{"line":228,"column":42}},"40":{"start":{"line":76,"column":0},"end":{"line":76,"column":16}},"41":{"start":{"line":238,"column":4},"end":{"line":265,"column":60}},"42":{"start":{"line":237,"column":0},"end":{"line":237,"column":16}},"43":{"start":{"line":269,"column":4},"end":{"line":282,"column":null}},"44":{"start":{"line":270,"column":8},"end":{"line":270,"column":51}},"45":{"start":{"line":271,"column":11},"end":{"line":282,"column":null}},"46":{"start":{"line":272,"column":23},"end":{"line":276,"column":63}},"47":{"start":{"line":277,"column":8},"end":{"line":279,"column":27}},"48":{"start":{"line":281,"column":8},"end":{"line":281,"column":53}},"49":{"start":{"line":286,"column":4},"end":{"line":286,"column":62}},"50":{"start":{"line":286,"column":36},"end":{"line":286,"column":54}},"51":{"start":{"line":290,"column":4},"end":{"line":292,"column":63}},"52":{"start":{"line":296,"column":4},"end":{"line":308,"column":null}},"53":{"start":{"line":297,"column":8},"end":{"line":297,"column":25}},"54":{"start":{"line":298,"column":11},"end":{"line":308,"column":null}},"55":{"start":{"line":299,"column":8},"end":{"line":299,"column":53}},"56":{"start":{"line":302,"column":12},"end":{"line":302,"column":49}},"57":{"start":{"line":303,"column":8},"end":{"line":307,"column":null}},"58":{"start":{"line":304,"column":12},"end":{"line":304,"column":36}},"59":{"start":{"line":306,"column":12},"end":{"line":306,"column":62}},"60":{"start":{"line":312,"column":4},"end":{"line":319,"column":18}},"61":{"start":{"line":311,"column":0},"end":{"line":311,"column":16}},"62":{"start":{"line":323,"column":17},"end":{"line":323,"column":38}},"63":{"start":{"line":324,"column":19},"end":{"line":324,"column":46}},"64":{"start":{"line":325,"column":24},"end":{"line":325,"column":50}},"65":{"start":{"line":326,"column":4},"end":{"line":328,"column":51}},"66":{"start":{"line":331,"column":4},"end":{"line":331,"column":54}},"67":{"start":{"line":331,"column":29},"end":{"line":331,"column":43}},"68":{"start":{"line":330,"column":0},"end":{"line":330,"column":16}},"69":{"start":{"line":335,"column":4},"end":{"line":336,"column":44}},"70":{"start":{"line":340,"column":18},"end":{"line":341,"column":31}},"71":{"start":{"line":342,"column":4},"end":{"line":342,"column":66}},"72":{"start":{"line":343,"column":4},"end":{"line":343,"column":17}},"73":{"start":{"line":347,"column":4},"end":{"line":350,"column":13}},"74":{"start":{"line":351,"column":4},"end":{"line":351,"column":21}},"75":{"start":{"line":357,"column":4},"end":{"line":357,"column":61}},"76":{"start":{"line":361,"column":4},"end":{"line":361,"column":48}},"77":{"start":{"line":364,"column":4},"end":{"line":364,"column":33}},"78":{"start":{"line":368,"column":4},"end":{"line":368,"column":46}},"79":{"start":{"line":372,"column":4},"end":{"line":372,"column":45}},"80":{"start":{"line":376,"column":4},"end":{"line":376,"column":44}},"81":{"start":{"line":380,"column":4},"end":{"line":380,"column":33}},"82":{"start":{"line":384,"column":4},"end":{"line":384,"column":51}},"83":{"start":{"line":387,"column":4},"end":{"line":387,"column":45}},"84":{"start":{"line":390,"column":4},"end":{"line":390,"column":39}},"85":{"start":{"line":394,"column":4},"end":{"line":395,"column":61}},"86":{"start":{"line":399,"column":4},"end":{"line":399,"column":49}},"87":{"start":{"line":402,"column":4},"end":{"line":402,"column":39}},"88":{"start":{"line":406,"column":4},"end":{"line":406,"column":82}},"89":{"start":{"line":410,"column":4},"end":{"line":410,"column":58}},"90":{"start":{"line":413,"column":4},"end":{"line":413,"column":54}},"91":{"start":{"line":416,"column":4},"end":{"line":416,"column":39}},"92":{"start":{"line":420,"column":4},"end":{"line":420,"column":55}},"93":{"start":{"line":424,"column":4},"end":{"line":424,"column":61}},"94":{"start":{"line":427,"column":4},"end":{"line":427,"column":33}},"95":{"start":{"line":430,"column":4},"end":{"line":430,"column":39}},"96":{"start":{"line":433,"column":4},"end":{"line":433,"column":45}},"97":{"start":{"line":436,"column":4},"end":{"line":440,"column":58}},"98":{"start":{"line":444,"column":3},"end":{"line":444,"column":56}},"99":{"start":{"line":447,"column":3},"end":{"line":447,"column":32}},"100":{"start":{"line":451,"column":4},"end":{"line":451,"column":63}},"101":{"start":{"line":454,"column":3},"end":{"line":454,"column":32}},"102":{"start":{"line":457,"column":4},"end":{"line":457,"column":39}},"103":{"start":{"line":460,"column":4},"end":{"line":460,"column":45}},"104":{"start":{"line":464,"column":3},"end":{"line":464,"column":43}},"105":{"start":{"line":467,"column":3},"end":{"line":467,"column":27}},"106":{"start":{"line":470,"column":3},"end":{"line":470,"column":22}},"107":{"start":{"line":473,"column":3},"end":{"line":473,"column":22}},"108":{"start":{"line":476,"column":3},"end":{"line":476,"column":25}},"109":{"start":{"line":479,"column":3},"end":{"line":479,"column":31}},"110":{"start":{"line":483,"column":4},"end":{"line":483,"column":46}},"111":{"start":{"line":486,"column":4},"end":{"line":486,"column":33}},"112":{"start":{"line":490,"column":4},"end":{"line":490,"column":48}},"113":{"start":{"line":494,"column":4},"end":{"line":495,"column":53}},"114":{"start":{"line":498,"column":4},"end":{"line":498,"column":67}},"115":{"start":{"line":501,"column":4},"end":{"line":501,"column":68}},"116":{"start":{"line":504,"column":4},"end":{"line":504,"column":42}},"117":{"start":{"line":507,"column":4},"end":{"line":507,"column":48}},"118":{"start":{"line":510,"column":4},"end":{"line":510,"column":45}},"119":{"start":{"line":514,"column":4},"end":{"line":515,"column":77}},"120":{"start":{"line":519,"column":21},"end":{"line":519,"column":47}},"121":{"start":{"line":520,"column":4},"end":{"line":525,"column":63}},"122":{"start":{"line":529,"column":3},"end":{"line":529,"column":51}},"123":{"start":{"line":532,"column":3},"end":{"line":532,"column":32}},"124":{"start":{"line":535,"column":3},"end":{"line":535,"column":38}},"125":{"start":{"line":541,"column":4},"end":{"line":543,"column":52}},"126":{"start":{"line":545,"column":37},"end":{"line":545,"column":59}},"127":{"start":{"line":548,"column":4},"end":{"line":548,"column":84}},"128":{"start":{"line":551,"column":4},"end":{"line":551,"column":50}},"129":{"start":{"line":554,"column":4},"end":{"line":554,"column":25}},"130":{"start":{"line":558,"column":4},"end":{"line":558,"column":31}},"131":{"start":{"line":562,"column":4},"end":{"line":562,"column":37}},"132":{"start":{"line":566,"column":4},"end":{"line":566,"column":53}},"133":{"start":{"line":569,"column":4},"end":{"line":569,"column":49}},"134":{"start":{"line":572,"column":4},"end":{"line":572,"column":29}},"135":{"start":{"line":576,"column":4},"end":{"line":576,"column":21}},"136":{"start":{"line":579,"column":55},"end":{"line":579,"column":72}},"137":{"start":{"line":581,"column":43},"end":{"line":581,"column":47}},"138":{"start":{"line":584,"column":4},"end":{"line":584,"column":33}},"139":{"start":{"line":587,"column":53},"end":{"line":587,"column":72}},"140":{"start":{"line":589,"column":51},"end":{"line":589,"column":70}},"141":{"start":{"line":593,"column":4},"end":{"line":601,"column":36}},"142":{"start":{"line":591,"column":0},"end":{"line":591,"column":16}},"143":{"start":{"line":607,"column":12},"end":{"line":611,"column":64}},"144":{"start":{"line":613,"column":8},"end":{"line":618,"column":null}},"145":{"start":{"line":614,"column":12},"end":{"line":614,"column":42}},"146":{"start":{"line":616,"column":26},"end":{"line":616,"column":42}},"147":{"start":{"line":617,"column":12},"end":{"line":617,"column":95}},"148":{"start":{"line":620,"column":4},"end":{"line":620,"column":25}},"149":{"start":{"line":626,"column":12},"end":{"line":630,"column":64}},"150":{"start":{"line":632,"column":8},"end":{"line":637,"column":null}},"151":{"start":{"line":633,"column":12},"end":{"line":633,"column":56}},"152":{"start":{"line":635,"column":26},"end":{"line":635,"column":42}},"153":{"start":{"line":636,"column":12},"end":{"line":636,"column":95}},"154":{"start":{"line":639,"column":4},"end":{"line":639,"column":25}},"155":{"start":{"line":645,"column":4},"end":{"line":645,"column":44}},"156":{"start":{"line":648,"column":74},"end":{"line":648,"column":97}},"157":{"start":{"line":654,"column":2},"end":{"line":675,"column":null}},"158":{"start":{"line":663,"column":48},"end":{"line":663,"column":53}},"159":{"start":{"line":664,"column":48},"end":{"line":664,"column":53}},"160":{"start":{"line":665,"column":50},"end":{"line":665,"column":53}},"161":{"start":{"line":666,"column":48},"end":{"line":666,"column":53}},"162":{"start":{"line":667,"column":48},"end":{"line":667,"column":53}},"163":{"start":{"line":668,"column":48},"end":{"line":668,"column":53}},"164":{"start":{"line":669,"column":48},"end":{"line":669,"column":55}},"165":{"start":{"line":670,"column":48},"end":{"line":670,"column":55}},"166":{"start":{"line":671,"column":48},"end":{"line":671,"column":55}},"167":{"start":{"line":672,"column":48},"end":{"line":672,"column":55}},"168":{"start":{"line":673,"column":48},"end":{"line":673,"column":55}},"169":{"start":{"line":674,"column":48},"end":{"line":674,"column":55}},"170":{"start":{"line":675,"column":50},"end":{"line":675,"column":55}},"171":{"start":{"line":678,"column":4},"end":{"line":678,"column":34}},"172":{"start":{"line":680,"column":4},"end":{"line":681,"column":28}},"173":{"start":{"line":680,"column":36},"end":{"line":680,"column":82}},"174":{"start":{"line":683,"column":53},"end":{"line":688,"column":null}},"175":{"start":{"line":691,"column":4},"end":{"line":691,"column":34}},"176":{"start":{"line":693,"column":4},"end":{"line":693,"column":69}},"177":{"start":{"line":693,"column":34},"end":{"line":693,"column":47}},"178":{"start":{"line":696,"column":4},"end":{"line":697,"column":55}},"179":{"start":{"line":701,"column":4},"end":{"line":705,"column":53}},"180":{"start":{"line":700,"column":0},"end":{"line":700,"column":16}},"181":{"start":{"line":709,"column":4},"end":{"line":716,"column":31}},"182":{"start":{"line":720,"column":4},"end":{"line":721,"column":61}},"183":{"start":{"line":725,"column":4},"end":{"line":725,"column":31}},"184":{"start":{"line":726,"column":4},"end":{"line":726,"column":22}},"185":{"start":{"line":729,"column":21},"end":{"line":729,"column":44}},"186":{"start":{"line":730,"column":22},"end":{"line":730,"column":45}},"187":{"start":{"line":733,"column":18},"end":{"line":733,"column":36}},"188":{"start":{"line":734,"column":4},"end":{"line":750,"column":null}},"189":{"start":{"line":735,"column":8},"end":{"line":735,"column":57}},"190":{"start":{"line":737,"column":24},"end":{"line":737,"column":36}},"191":{"start":{"line":739,"column":23},"end":{"line":739,"column":53}},"192":{"start":{"line":740,"column":28},"end":{"line":740,"column":54}},"193":{"start":{"line":741,"column":28},"end":{"line":742,"column":57}},"194":{"start":{"line":743,"column":23},"end":{"line":743,"column":53}},"195":{"start":{"line":744,"column":28},"end":{"line":748,"column":31}},"196":{"start":{"line":749,"column":8},"end":{"line":749,"column":53}},"197":{"start":{"line":732,"column":0},"end":{"line":732,"column":16}}},"fnMap":{"0":{"name":"tagged_list_to_record","decl":{"start":{"line":76,"column":16},"end":{"line":76,"column":37}},"loc":{"start":{"line":76,"column":68},"end":{"line":229,"column":1}}},"1":{"name":"is_statement","decl":{"start":{"line":77,"column":13},"end":{"line":77,"column":25}},"loc":{"start":{"line":77,"column":39},"end":{"line":82,"column":5}}},"2":{"name":"is_expression","decl":{"start":{"line":83,"column":13},"end":{"line":83,"column":26}},"loc":{"start":{"line":83,"column":40},"end":{"line":88,"column":5}}},"3":{"name":"is_tagged_list","decl":{"start":{"line":89,"column":13},"end":{"line":89,"column":27}},"loc":{"start":{"line":89,"column":59},"end":{"line":91,"column":5}}},"4":{"name":"is_literal","decl":{"start":{"line":92,"column":13},"end":{"line":92,"column":23}},"loc":{"start":{"line":92,"column":54},"end":{"line":94,"column":5}}},"5":{"name":"is_name","decl":{"start":{"line":95,"column":13},"end":{"line":95,"column":20}},"loc":{"start":{"line":95,"column":51},"end":{"line":97,"column":5}}},"6":{"name":"is_assignment","decl":{"start":{"line":98,"column":13},"end":{"line":98,"column":26}},"loc":{"start":{"line":98,"column":57},"end":{"line":100,"column":5}}},"7":{"name":"is_declaration","decl":{"start":{"line":101,"column":13},"end":{"line":101,"column":27}},"loc":{"start":{"line":101,"column":58},"end":{"line":104,"column":5}}},"8":{"name":"is_lambda_expression","decl":{"start":{"line":105,"column":13},"end":{"line":105,"column":33}},"loc":{"start":{"line":105,"column":64},"end":{"line":107,"column":5}}},"9":{"name":"is_function_declaration","decl":{"start":{"line":108,"column":13},"end":{"line":108,"column":36}},"loc":{"start":{"line":108,"column":67},"end":{"line":110,"column":5}}},"10":{"name":"is_return_statement","decl":{"start":{"line":111,"column":13},"end":{"line":111,"column":32}},"loc":{"start":{"line":111,"column":63},"end":{"line":113,"column":5}}},"11":{"name":"is_conditional","decl":{"start":{"line":114,"column":13},"end":{"line":114,"column":27}},"loc":{"start":{"line":114,"column":58},"end":{"line":116,"column":5}}},"12":{"name":"is_sequence","decl":{"start":{"line":117,"column":13},"end":{"line":117,"column":24}},"loc":{"start":{"line":117,"column":50},"end":{"line":119,"column":5}}},"13":{"name":"is_block","decl":{"start":{"line":120,"column":13},"end":{"line":120,"column":21}},"loc":{"start":{"line":120,"column":52},"end":{"line":122,"column":5}}},"14":{"name":"is_operator_combination","decl":{"start":{"line":123,"column":13},"end":{"line":123,"column":36}},"loc":{"start":{"line":123,"column":67},"end":{"line":126,"column":5}}},"15":{"name":"is_unary_operator_combination","decl":{"start":{"line":127,"column":13},"end":{"line":127,"column":42}},"loc":{"start":{"line":127,"column":73},"end":{"line":129,"column":5}}},"16":{"name":"is_binary_operator_combination","decl":{"start":{"line":130,"column":13},"end":{"line":130,"column":43}},"loc":{"start":{"line":130,"column":74},"end":{"line":132,"column":5}}},"17":{"name":"is_application","decl":{"start":{"line":133,"column":13},"end":{"line":133,"column":27}},"loc":{"start":{"line":133,"column":58},"end":{"line":135,"column":5}}},"18":{"name":"transform_name","decl":{"start":{"line":138,"column":13},"end":{"line":138,"column":27}},"loc":{"start":{"line":138,"column":48},"end":{"line":140,"column":5}}},"19":{"name":"transform_literal","decl":{"start":{"line":141,"column":13},"end":{"line":141,"column":30}},"loc":{"start":{"line":141,"column":57},"end":{"line":143,"column":5}}},"20":{"name":"transform_application","decl":{"start":{"line":144,"column":13},"end":{"line":144,"column":34}},"loc":{"start":{"line":144,"column":61},"end":{"line":146,"column":5}}},"21":{"name":"transform_operator_combination","decl":{"start":{"line":147,"column":13},"end":{"line":147,"column":43}},"loc":{"start":{"line":147,"column":77},"end":{"line":154,"column":5}}},"22":{"name":"transform_conditional","decl":{"start":{"line":155,"column":13},"end":{"line":155,"column":34}},"loc":{"start":{"line":155,"column":62},"end":{"line":159,"column":5}}},"23":{"name":"transform_lambda","decl":{"start":{"line":160,"column":13},"end":{"line":160,"column":29}},"loc":{"start":{"line":160,"column":51},"end":{"line":163,"column":5}}},"24":{"name":"transform_sequence","decl":{"start":{"line":164,"column":13},"end":{"line":164,"column":31}},"loc":{"start":{"line":164,"column":55},"end":{"line":166,"column":5}}},"25":{"name":"transform_block","decl":{"start":{"line":167,"column":13},"end":{"line":167,"column":28}},"loc":{"start":{"line":167,"column":51},"end":{"line":169,"column":5}}},"26":{"name":"transform_return_statement","decl":{"start":{"line":170,"column":13},"end":{"line":170,"column":39}},"loc":{"start":{"line":170,"column":70},"end":{"line":172,"column":5}}},"27":{"name":"transform_function_declaration","decl":{"start":{"line":173,"column":13},"end":{"line":173,"column":43}},"loc":{"start":{"line":173,"column":67},"end":{"line":178,"column":5}}},"28":{"name":"transform_declaration","decl":{"start":{"line":179,"column":13},"end":{"line":179,"column":34}},"loc":{"start":{"line":179,"column":62},"end":{"line":182,"column":5}}},"29":{"name":"transform_assignment","decl":{"start":{"line":183,"column":13},"end":{"line":183,"column":33}},"loc":{"start":{"line":183,"column":60},"end":{"line":186,"column":5}}},"30":{"name":"transform_component","decl":{"start":{"line":188,"column":13},"end":{"line":188,"column":32}},"loc":{"start":{"line":188,"column":63},"end":{"line":194,"column":5}}},"31":{"name":"transform_statement","decl":{"start":{"line":196,"column":13},"end":{"line":196,"column":32}},"loc":{"start":{"line":196,"column":57},"end":{"line":210,"column":5}}},"32":{"name":"transform_expression","decl":{"start":{"line":212,"column":13},"end":{"line":212,"column":33}},"loc":{"start":{"line":212,"column":59},"end":{"line":226,"column":5}}},"33":{"name":"evaluate","decl":{"start":{"line":237,"column":16},"end":{"line":237,"column":24}},"loc":{"start":{"line":237,"column":63},"end":{"line":266,"column":1}}},"34":{"name":"apply","decl":{"start":{"line":268,"column":9},"end":{"line":268,"column":14}},"loc":{"start":{"line":268,"column":44},"end":{"line":283,"column":1}}},"35":{"name":"list_of_values","decl":{"start":{"line":285,"column":9},"end":{"line":285,"column":23}},"loc":{"start":{"line":285,"column":64},"end":{"line":287,"column":1}}},"36":{"name":"(anonymous_36)","decl":{"start":{"line":286,"column":15},"end":{"line":286,"column":16}},"loc":{"start":{"line":286,"column":36},"end":{"line":286,"column":54}}},"37":{"name":"eval_conditional","decl":{"start":{"line":289,"column":9},"end":{"line":289,"column":25}},"loc":{"start":{"line":289,"column":66},"end":{"line":293,"column":1}}},"38":{"name":"eval_sequence","decl":{"start":{"line":295,"column":9},"end":{"line":295,"column":22}},"loc":{"start":{"line":295,"column":63},"end":{"line":309,"column":1}}},"39":{"name":"scan_out_declarations","decl":{"start":{"line":311,"column":16},"end":{"line":311,"column":37}},"loc":{"start":{"line":311,"column":58},"end":{"line":320,"column":1}}},"40":{"name":"eval_block","decl":{"start":{"line":322,"column":9},"end":{"line":322,"column":19}},"loc":{"start":{"line":322,"column":54},"end":{"line":329,"column":1}}},"41":{"name":"list_of_unassigned","decl":{"start":{"line":330,"column":16},"end":{"line":330,"column":34}},"loc":{"start":{"line":330,"column":56},"end":{"line":332,"column":1}}},"42":{"name":"(anonymous_42)","decl":{"start":{"line":331,"column":15},"end":{"line":331,"column":16}},"loc":{"start":{"line":331,"column":29},"end":{"line":331,"column":43}}},"43":{"name":"eval_return_statement","decl":{"start":{"line":334,"column":9},"end":{"line":334,"column":30}},"loc":{"start":{"line":334,"column":75},"end":{"line":337,"column":1}}},"44":{"name":"eval_assignment","decl":{"start":{"line":339,"column":9},"end":{"line":339,"column":24}},"loc":{"start":{"line":339,"column":64},"end":{"line":344,"column":1}}},"45":{"name":"eval_declaration","decl":{"start":{"line":346,"column":9},"end":{"line":346,"column":25}},"loc":{"start":{"line":346,"column":66},"end":{"line":352,"column":1}}},"46":{"name":"is_tagged_list","decl":{"start":{"line":356,"column":9},"end":{"line":356,"column":23}},"loc":{"start":{"line":356,"column":55},"end":{"line":358,"column":1}}},"47":{"name":"is_literal","decl":{"start":{"line":360,"column":9},"end":{"line":360,"column":19}},"loc":{"start":{"line":360,"column":40},"end":{"line":362,"column":1}}},"48":{"name":"literal_value","decl":{"start":{"line":363,"column":9},"end":{"line":363,"column":22}},"loc":{"start":{"line":363,"column":41},"end":{"line":365,"column":1}}},"49":{"name":"make_literal","decl":{"start":{"line":367,"column":9},"end":{"line":367,"column":21}},"loc":{"start":{"line":367,"column":34},"end":{"line":369,"column":1}}},"50":{"name":"is_name","decl":{"start":{"line":371,"column":9},"end":{"line":371,"column":16}},"loc":{"start":{"line":371,"column":37},"end":{"line":373,"column":1}}},"51":{"name":"make_name","decl":{"start":{"line":375,"column":9},"end":{"line":375,"column":18}},"loc":{"start":{"line":375,"column":33},"end":{"line":377,"column":1}}},"52":{"name":"symbol_of_name","decl":{"start":{"line":379,"column":9},"end":{"line":379,"column":23}},"loc":{"start":{"line":379,"column":39},"end":{"line":381,"column":1}}},"53":{"name":"is_assignment","decl":{"start":{"line":383,"column":9},"end":{"line":383,"column":22}},"loc":{"start":{"line":383,"column":43},"end":{"line":385,"column":1}}},"54":{"name":"assignment_symbol","decl":{"start":{"line":386,"column":9},"end":{"line":386,"column":26}},"loc":{"start":{"line":386,"column":48},"end":{"line":388,"column":1}}},"55":{"name":"assignment_value_expression","decl":{"start":{"line":389,"column":9},"end":{"line":389,"column":36}},"loc":{"start":{"line":389,"column":58},"end":{"line":391,"column":1}}},"56":{"name":"is_declaration","decl":{"start":{"line":393,"column":9},"end":{"line":393,"column":23}},"loc":{"start":{"line":393,"column":44},"end":{"line":396,"column":1}}},"57":{"name":"declaration_symbol","decl":{"start":{"line":398,"column":9},"end":{"line":398,"column":27}},"loc":{"start":{"line":398,"column":50},"end":{"line":400,"column":1}}},"58":{"name":"declaration_value_expression","decl":{"start":{"line":401,"column":9},"end":{"line":401,"column":37}},"loc":{"start":{"line":401,"column":60},"end":{"line":403,"column":1}}},"59":{"name":"make_constant_declaration","decl":{"start":{"line":405,"column":9},"end":{"line":405,"column":34}},"loc":{"start":{"line":405,"column":75},"end":{"line":407,"column":1}}},"60":{"name":"is_lambda_expression","decl":{"start":{"line":409,"column":9},"end":{"line":409,"column":29}},"loc":{"start":{"line":409,"column":50},"end":{"line":411,"column":1}}},"61":{"name":"lambda_parameter_symbols","decl":{"start":{"line":412,"column":9},"end":{"line":412,"column":33}},"loc":{"start":{"line":412,"column":51},"end":{"line":414,"column":1}}},"62":{"name":"lambda_body","decl":{"start":{"line":415,"column":9},"end":{"line":415,"column":20}},"loc":{"start":{"line":415,"column":38},"end":{"line":417,"column":1}}},"63":{"name":"make_lambda_expression","decl":{"start":{"line":419,"column":9},"end":{"line":419,"column":31}},"loc":{"start":{"line":419,"column":71},"end":{"line":421,"column":1}}},"64":{"name":"is_function_declaration","decl":{"start":{"line":423,"column":9},"end":{"line":423,"column":32}},"loc":{"start":{"line":423,"column":53},"end":{"line":425,"column":1}}},"65":{"name":"function_declaration_name","decl":{"start":{"line":426,"column":9},"end":{"line":426,"column":34}},"loc":{"start":{"line":426,"column":54},"end":{"line":428,"column":1}}},"66":{"name":"function_declaration_parameters","decl":{"start":{"line":429,"column":9},"end":{"line":429,"column":40}},"loc":{"start":{"line":429,"column":60},"end":{"line":431,"column":1}}},"67":{"name":"function_declaration_body","decl":{"start":{"line":432,"column":9},"end":{"line":432,"column":34}},"loc":{"start":{"line":432,"column":54},"end":{"line":434,"column":1}}},"68":{"name":"function_decl_to_constant_decl","decl":{"start":{"line":435,"column":9},"end":{"line":435,"column":39}},"loc":{"start":{"line":435,"column":59},"end":{"line":441,"column":1}}},"69":{"name":"is_return_statement","decl":{"start":{"line":443,"column":9},"end":{"line":443,"column":28}},"loc":{"start":{"line":443,"column":49},"end":{"line":445,"column":1}}},"70":{"name":"return_expression","decl":{"start":{"line":446,"column":9},"end":{"line":446,"column":26}},"loc":{"start":{"line":446,"column":53},"end":{"line":448,"column":1}}},"71":{"name":"is_conditional","decl":{"start":{"line":450,"column":9},"end":{"line":450,"column":23}},"loc":{"start":{"line":450,"column":44},"end":{"line":452,"column":1}}},"72":{"name":"conditional_predicate","decl":{"start":{"line":453,"column":9},"end":{"line":453,"column":30}},"loc":{"start":{"line":453,"column":53},"end":{"line":455,"column":1}}},"73":{"name":"conditional_consequent","decl":{"start":{"line":456,"column":9},"end":{"line":456,"column":31}},"loc":{"start":{"line":456,"column":54},"end":{"line":458,"column":1}}},"74":{"name":"conditional_alternative","decl":{"start":{"line":459,"column":9},"end":{"line":459,"column":32}},"loc":{"start":{"line":459,"column":55},"end":{"line":461,"column":1}}},"75":{"name":"is_sequence","decl":{"start":{"line":463,"column":9},"end":{"line":463,"column":20}},"loc":{"start":{"line":463,"column":36},"end":{"line":465,"column":1}}},"76":{"name":"sequence_statements","decl":{"start":{"line":466,"column":9},"end":{"line":466,"column":28}},"loc":{"start":{"line":466,"column":43},"end":{"line":468,"column":1}}},"77":{"name":"first_statement","decl":{"start":{"line":469,"column":9},"end":{"line":469,"column":24}},"loc":{"start":{"line":469,"column":55},"end":{"line":471,"column":1}}},"78":{"name":"rest_statements","decl":{"start":{"line":472,"column":9},"end":{"line":472,"column":24}},"loc":{"start":{"line":472,"column":55},"end":{"line":474,"column":1}}},"79":{"name":"is_empty_sequence","decl":{"start":{"line":475,"column":9},"end":{"line":475,"column":26}},"loc":{"start":{"line":475,"column":49},"end":{"line":477,"column":1}}},"80":{"name":"is_last_statement","decl":{"start":{"line":478,"column":9},"end":{"line":478,"column":26}},"loc":{"start":{"line":478,"column":57},"end":{"line":480,"column":1}}},"81":{"name":"is_block","decl":{"start":{"line":482,"column":9},"end":{"line":482,"column":17}},"loc":{"start":{"line":482,"column":38},"end":{"line":484,"column":1}}},"82":{"name":"block_body","decl":{"start":{"line":485,"column":9},"end":{"line":485,"column":19}},"loc":{"start":{"line":485,"column":36},"end":{"line":487,"column":1}}},"83":{"name":"make_block","decl":{"start":{"line":489,"column":9},"end":{"line":489,"column":19}},"loc":{"start":{"line":489,"column":40},"end":{"line":491,"column":1}}},"84":{"name":"is_operator_combination","decl":{"start":{"line":493,"column":9},"end":{"line":493,"column":32}},"loc":{"start":{"line":493,"column":53},"end":{"line":496,"column":1}}},"85":{"name":"is_unary_operator_combination","decl":{"start":{"line":497,"column":9},"end":{"line":497,"column":38}},"loc":{"start":{"line":497,"column":59},"end":{"line":499,"column":1}}},"86":{"name":"is_binary_operator_combination","decl":{"start":{"line":500,"column":9},"end":{"line":500,"column":39}},"loc":{"start":{"line":500,"column":60},"end":{"line":502,"column":1}}},"87":{"name":"operator_symbol","decl":{"start":{"line":503,"column":9},"end":{"line":503,"column":24}},"loc":{"start":{"line":503,"column":55},"end":{"line":505,"column":1}}},"88":{"name":"first_operand","decl":{"start":{"line":506,"column":9},"end":{"line":506,"column":22}},"loc":{"start":{"line":506,"column":53},"end":{"line":508,"column":1}}},"89":{"name":"second_operand","decl":{"start":{"line":509,"column":9},"end":{"line":509,"column":23}},"loc":{"start":{"line":509,"column":41},"end":{"line":511,"column":1}}},"90":{"name":"make_application","decl":{"start":{"line":513,"column":9},"end":{"line":513,"column":25}},"loc":{"start":{"line":513,"column":97},"end":{"line":516,"column":1}}},"91":{"name":"operator_combination_to_application","decl":{"start":{"line":518,"column":9},"end":{"line":518,"column":44}},"loc":{"start":{"line":518,"column":75},"end":{"line":526,"column":1}}},"92":{"name":"is_application","decl":{"start":{"line":528,"column":9},"end":{"line":528,"column":23}},"loc":{"start":{"line":528,"column":44},"end":{"line":530,"column":1}}},"93":{"name":"function_expression","decl":{"start":{"line":531,"column":9},"end":{"line":531,"column":28}},"loc":{"start":{"line":531,"column":51},"end":{"line":533,"column":1}}},"94":{"name":"arg_expressions","decl":{"start":{"line":534,"column":9},"end":{"line":534,"column":24}},"loc":{"start":{"line":534,"column":47},"end":{"line":536,"column":1}}},"95":{"name":"is_truthy","decl":{"start":{"line":540,"column":9},"end":{"line":540,"column":18}},"loc":{"start":{"line":540,"column":25},"end":{"line":544,"column":1}}},"96":{"name":"is_falsy","decl":{"start":{"line":545,"column":9},"end":{"line":545,"column":17}},"loc":{"start":{"line":545,"column":24},"end":{"line":545,"column":61}}},"97":{"name":"make_function","decl":{"start":{"line":547,"column":9},"end":{"line":547,"column":22}},"loc":{"start":{"line":547,"column":82},"end":{"line":549,"column":1}}},"98":{"name":"is_compound_function","decl":{"start":{"line":550,"column":9},"end":{"line":550,"column":29}},"loc":{"start":{"line":550,"column":38},"end":{"line":552,"column":1}}},"99":{"name":"function_parameters","decl":{"start":{"line":553,"column":9},"end":{"line":553,"column":28}},"loc":{"start":{"line":553,"column":48},"end":{"line":555,"column":1}}},"100":{"name":"function_body","decl":{"start":{"line":557,"column":9},"end":{"line":557,"column":22}},"loc":{"start":{"line":557,"column":42},"end":{"line":559,"column":1}}},"101":{"name":"function_environment","decl":{"start":{"line":561,"column":9},"end":{"line":561,"column":29}},"loc":{"start":{"line":561,"column":49},"end":{"line":563,"column":1}}},"102":{"name":"make_return_value","decl":{"start":{"line":565,"column":9},"end":{"line":565,"column":26}},"loc":{"start":{"line":565,"column":41},"end":{"line":567,"column":1}}},"103":{"name":"is_return_value","decl":{"start":{"line":568,"column":9},"end":{"line":568,"column":24}},"loc":{"start":{"line":568,"column":37},"end":{"line":570,"column":1}}},"104":{"name":"return_value_content","decl":{"start":{"line":571,"column":9},"end":{"line":571,"column":29}},"loc":{"start":{"line":571,"column":48},"end":{"line":573,"column":1}}},"105":{"name":"enclosing_environment","decl":{"start":{"line":575,"column":9},"end":{"line":575,"column":30}},"loc":{"start":{"line":575,"column":55},"end":{"line":577,"column":1}}},"106":{"name":"first_frame","decl":{"start":{"line":579,"column":9},"end":{"line":579,"column":20}},"loc":{"start":{"line":579,"column":45},"end":{"line":579,"column":74}}},"107":{"name":"make_frame","decl":{"start":{"line":583,"column":9},"end":{"line":583,"column":19}},"loc":{"start":{"line":583,"column":62},"end":{"line":585,"column":1}}},"108":{"name":"frame_symbols","decl":{"start":{"line":587,"column":9},"end":{"line":587,"column":22}},"loc":{"start":{"line":587,"column":35},"end":{"line":587,"column":74}}},"109":{"name":"frame_values","decl":{"start":{"line":589,"column":9},"end":{"line":589,"column":21}},"loc":{"start":{"line":589,"column":34},"end":{"line":589,"column":72}}},"110":{"name":"extend_environment","decl":{"start":{"line":591,"column":16},"end":{"line":591,"column":34}},"loc":{"start":{"line":592,"column":25},"end":{"line":602,"column":1}}},"111":{"name":"lookup_symbol_value","decl":{"start":{"line":604,"column":9},"end":{"line":604,"column":28}},"loc":{"start":{"line":604,"column":61},"end":{"line":621,"column":1}}},"112":{"name":"env_loop","decl":{"start":{"line":605,"column":13},"end":{"line":605,"column":21}},"loc":{"start":{"line":605,"column":38},"end":{"line":619,"column":5}}},"113":{"name":"scan","decl":{"start":{"line":606,"column":17},"end":{"line":606,"column":21}},"loc":{"start":{"line":606,"column":86},"end":{"line":612,"column":9}}},"114":{"name":"assign_symbol_value","decl":{"start":{"line":623,"column":9},"end":{"line":623,"column":28}},"loc":{"start":{"line":623,"column":73},"end":{"line":640,"column":1}}},"115":{"name":"env_loop","decl":{"start":{"line":624,"column":13},"end":{"line":624,"column":21}},"loc":{"start":{"line":624,"column":38},"end":{"line":638,"column":5}}},"116":{"name":"scan","decl":{"start":{"line":625,"column":17},"end":{"line":625,"column":21}},"loc":{"start":{"line":625,"column":86},"end":{"line":631,"column":9}}},"117":{"name":"is_primitive_function","decl":{"start":{"line":644,"column":9},"end":{"line":644,"column":30}},"loc":{"start":{"line":644,"column":41},"end":{"line":646,"column":1}}},"118":{"name":"primitive_implementation","decl":{"start":{"line":648,"column":9},"end":{"line":648,"column":33}},"loc":{"start":{"line":648,"column":48},"end":{"line":648,"column":99}}},"119":{"name":"(anonymous_119)","decl":{"start":{"line":663,"column":28},"end":{"line":663,"column":29}},"loc":{"start":{"line":663,"column":48},"end":{"line":663,"column":53}}},"120":{"name":"(anonymous_120)","decl":{"start":{"line":664,"column":28},"end":{"line":664,"column":29}},"loc":{"start":{"line":664,"column":48},"end":{"line":664,"column":53}}},"121":{"name":"(anonymous_121)","decl":{"start":{"line":665,"column":28},"end":{"line":665,"column":29}},"loc":{"start":{"line":665,"column":50},"end":{"line":665,"column":53}}},"122":{"name":"(anonymous_122)","decl":{"start":{"line":666,"column":28},"end":{"line":666,"column":29}},"loc":{"start":{"line":666,"column":48},"end":{"line":666,"column":53}}},"123":{"name":"(anonymous_123)","decl":{"start":{"line":667,"column":28},"end":{"line":667,"column":29}},"loc":{"start":{"line":667,"column":48},"end":{"line":667,"column":53}}},"124":{"name":"(anonymous_124)","decl":{"start":{"line":668,"column":28},"end":{"line":668,"column":29}},"loc":{"start":{"line":668,"column":48},"end":{"line":668,"column":53}}},"125":{"name":"(anonymous_125)","decl":{"start":{"line":669,"column":28},"end":{"line":669,"column":29}},"loc":{"start":{"line":669,"column":48},"end":{"line":669,"column":55}}},"126":{"name":"(anonymous_126)","decl":{"start":{"line":670,"column":28},"end":{"line":670,"column":29}},"loc":{"start":{"line":670,"column":48},"end":{"line":670,"column":55}}},"127":{"name":"(anonymous_127)","decl":{"start":{"line":671,"column":28},"end":{"line":671,"column":29}},"loc":{"start":{"line":671,"column":48},"end":{"line":671,"column":55}}},"128":{"name":"(anonymous_128)","decl":{"start":{"line":672,"column":28},"end":{"line":672,"column":29}},"loc":{"start":{"line":672,"column":48},"end":{"line":672,"column":55}}},"129":{"name":"(anonymous_129)","decl":{"start":{"line":673,"column":28},"end":{"line":673,"column":29}},"loc":{"start":{"line":673,"column":48},"end":{"line":673,"column":55}}},"130":{"name":"(anonymous_130)","decl":{"start":{"line":674,"column":28},"end":{"line":674,"column":29}},"loc":{"start":{"line":674,"column":48},"end":{"line":674,"column":55}}},"131":{"name":"(anonymous_131)","decl":{"start":{"line":675,"column":28},"end":{"line":675,"column":29}},"loc":{"start":{"line":675,"column":50},"end":{"line":675,"column":55}}},"132":{"name":"(anonymous_132)","decl":{"start":{"line":680,"column":8},"end":{"line":680,"column":9}},"loc":{"start":{"line":680,"column":36},"end":{"line":680,"column":82}}},"133":{"name":"(anonymous_133)","decl":{"start":{"line":693,"column":8},"end":{"line":693,"column":9}},"loc":{"start":{"line":693,"column":34},"end":{"line":693,"column":47}}},"134":{"name":"apply_primitive_function","decl":{"start":{"line":695,"column":9},"end":{"line":695,"column":33}},"loc":{"start":{"line":695,"column":70},"end":{"line":698,"column":1}}},"135":{"name":"setup_environment","decl":{"start":{"line":700,"column":16},"end":{"line":700,"column":33}},"loc":{"start":{"line":700,"column":33},"end":{"line":706,"column":1}}},"136":{"name":"to_string","decl":{"start":{"line":708,"column":9},"end":{"line":708,"column":18}},"loc":{"start":{"line":708,"column":30},"end":{"line":717,"column":1}}},"137":{"name":"user_print","decl":{"start":{"line":719,"column":9},"end":{"line":719,"column":19}},"loc":{"start":{"line":719,"column":54},"end":{"line":722,"column":1}}},"138":{"name":"user_read","decl":{"start":{"line":724,"column":9},"end":{"line":724,"column":18}},"loc":{"start":{"line":724,"column":40},"end":{"line":727,"column":1}}},"139":{"name":"driver_loop","decl":{"start":{"line":732,"column":16},"end":{"line":732,"column":27}},"loc":{"start":{"line":732,"column":61},"end":{"line":751,"column":1}}}},"branchMap":{"0":{"loc":{"start":{"line":79,"column":15},"end":{"line":81,"column":38}},"type":"binary-expr","locations":[{"start":{"line":79,"column":15},"end":{"line":79,"column":30}},{"start":{"line":79,"column":34},"end":{"line":79,"column":52}},{"start":{"line":80,"column":12},"end":{"line":80,"column":42}},{"start":{"line":80,"column":46},"end":{"line":80,"column":76}},{"start":{"line":80,"column":80},"end":{"line":80,"column":100}},{"start":{"line":81,"column":12},"end":{"line":81,"column":38}}]},"1":{"loc":{"start":{"line":85,"column":15},"end":{"line":87,"column":89}},"type":"binary-expr","locations":[{"start":{"line":85,"column":15},"end":{"line":85,"column":47}},{"start":{"line":85,"column":51},"end":{"line":85,"column":78}},{"start":{"line":86,"column":12},"end":{"line":86,"column":26}},{"start":{"line":86,"column":30},"end":{"line":86,"column":47}},{"start":{"line":86,"column":51},"end":{"line":86,"column":72}},{"start":{"line":87,"column":12},"end":{"line":87,"column":48}},{"start":{"line":87,"column":52},"end":{"line":87,"column":89}}]},"2":{"loc":{"start":{"line":90,"column":15},"end":{"line":90,"column":64}},"type":"binary-expr","locations":[{"start":{"line":90,"column":15},"end":{"line":90,"column":33}},{"start":{"line":90,"column":37},"end":{"line":90,"column":64}}]},"3":{"loc":{"start":{"line":102,"column":15},"end":{"line":103,"column":61}},"type":"binary-expr","locations":[{"start":{"line":102,"column":15},"end":{"line":102,"column":64}},{"start":{"line":103,"column":12},"end":{"line":103,"column":61}}]},"4":{"loc":{"start":{"line":124,"column":15},"end":{"line":125,"column":53}},"type":"binary-expr","locations":[{"start":{"line":124,"column":15},"end":{"line":124,"column":55}},{"start":{"line":125,"column":12},"end":{"line":125,"column":53}}]},"5":{"loc":{"start":{"line":150,"column":15},"end":{"line":153,"column":67}},"type":"cond-expr","locations":[{"start":{"line":151,"column":14},"end":{"line":151,"column":96}},{"start":{"line":152,"column":14},"end":{"line":153,"column":67}}]},"6":{"loc":{"start":{"line":189,"column":15},"end":{"line":193,"column":73}},"type":"cond-expr","locations":[{"start":{"line":190,"column":14},"end":{"line":190,"column":45}},{"start":{"line":191,"column":14},"end":{"line":193,"column":73}}]},"7":{"loc":{"start":{"line":191,"column":14},"end":{"line":193,"column":73}},"type":"cond-expr","locations":[{"start":{"line":192,"column":14},"end":{"line":192,"column":44}},{"start":{"line":193,"column":14},"end":{"line":193,"column":73}}]},"8":{"loc":{"start":{"line":197,"column":15},"end":{"line":209,"column":44}},"type":"cond-expr","locations":[{"start":{"line":198,"column":14},"end":{"line":198,"column":37}},{"start":{"line":199,"column":14},"end":{"line":209,"column":44}}]},"9":{"loc":{"start":{"line":199,"column":14},"end":{"line":209,"column":44}},"type":"cond-expr","locations":[{"start":{"line":200,"column":14},"end":{"line":200,"column":34}},{"start":{"line":201,"column":14},"end":{"line":209,"column":44}}]},"10":{"loc":{"start":{"line":201,"column":14},"end":{"line":209,"column":44}},"type":"cond-expr","locations":[{"start":{"line":202,"column":14},"end":{"line":202,"column":45}},{"start":{"line":203,"column":14},"end":{"line":209,"column":44}}]},"11":{"loc":{"start":{"line":203,"column":14},"end":{"line":209,"column":44}},"type":"cond-expr","locations":[{"start":{"line":204,"column":14},"end":{"line":204,"column":49}},{"start":{"line":205,"column":14},"end":{"line":209,"column":44}}]},"12":{"loc":{"start":{"line":205,"column":14},"end":{"line":209,"column":44}},"type":"cond-expr","locations":[{"start":{"line":206,"column":14},"end":{"line":206,"column":40}},{"start":{"line":207,"column":14},"end":{"line":209,"column":44}}]},"13":{"loc":{"start":{"line":207,"column":14},"end":{"line":209,"column":44}},"type":"cond-expr","locations":[{"start":{"line":208,"column":14},"end":{"line":208,"column":39}},{"start":{"line":209,"column":14},"end":{"line":209,"column":44}}]},"14":{"loc":{"start":{"line":213,"column":15},"end":{"line":225,"column":46}},"type":"cond-expr","locations":[{"start":{"line":214,"column":14},"end":{"line":214,"column":36}},{"start":{"line":215,"column":14},"end":{"line":225,"column":46}}]},"15":{"loc":{"start":{"line":215,"column":14},"end":{"line":225,"column":46}},"type":"cond-expr","locations":[{"start":{"line":216,"column":14},"end":{"line":216,"column":33}},{"start":{"line":217,"column":14},"end":{"line":225,"column":46}}]},"16":{"loc":{"start":{"line":217,"column":14},"end":{"line":225,"column":46}},"type":"cond-expr","locations":[{"start":{"line":218,"column":14},"end":{"line":218,"column":40}},{"start":{"line":219,"column":14},"end":{"line":225,"column":46}}]},"17":{"loc":{"start":{"line":219,"column":14},"end":{"line":225,"column":46}},"type":"cond-expr","locations":[{"start":{"line":220,"column":14},"end":{"line":220,"column":49}},{"start":{"line":221,"column":14},"end":{"line":225,"column":46}}]},"18":{"loc":{"start":{"line":221,"column":14},"end":{"line":225,"column":46}},"type":"cond-expr","locations":[{"start":{"line":222,"column":14},"end":{"line":222,"column":40}},{"start":{"line":223,"column":14},"end":{"line":225,"column":46}}]},"19":{"loc":{"start":{"line":223,"column":14},"end":{"line":225,"column":46}},"type":"cond-expr","locations":[{"start":{"line":224,"column":14},"end":{"line":224,"column":35}},{"start":{"line":225,"column":14},"end":{"line":225,"column":46}}]},"20":{"loc":{"start":{"line":238,"column":11},"end":{"line":265,"column":59}},"type":"cond-expr","locations":[{"start":{"line":239,"column":13},"end":{"line":239,"column":37}},{"start":{"line":240,"column":13},"end":{"line":265,"column":59}}]},"21":{"loc":{"start":{"line":240,"column":13},"end":{"line":265,"column":59}},"type":"cond-expr","locations":[{"start":{"line":241,"column":13},"end":{"line":241,"column":64}},{"start":{"line":242,"column":13},"end":{"line":265,"column":59}}]},"22":{"loc":{"start":{"line":242,"column":13},"end":{"line":265,"column":59}},"type":"cond-expr","locations":[{"start":{"line":243,"column":13},"end":{"line":244,"column":67}},{"start":{"line":245,"column":13},"end":{"line":265,"column":59}}]},"23":{"loc":{"start":{"line":245,"column":13},"end":{"line":265,"column":59}},"type":"cond-expr","locations":[{"start":{"line":246,"column":13},"end":{"line":247,"column":26}},{"start":{"line":248,"column":13},"end":{"line":265,"column":59}}]},"24":{"loc":{"start":{"line":248,"column":13},"end":{"line":265,"column":59}},"type":"cond-expr","locations":[{"start":{"line":249,"column":13},"end":{"line":249,"column":45}},{"start":{"line":250,"column":13},"end":{"line":265,"column":59}}]},"25":{"loc":{"start":{"line":250,"column":13},"end":{"line":265,"column":59}},"type":"cond-expr","locations":[{"start":{"line":251,"column":13},"end":{"line":252,"column":55}},{"start":{"line":253,"column":13},"end":{"line":265,"column":59}}]},"26":{"loc":{"start":{"line":253,"column":13},"end":{"line":265,"column":59}},"type":"cond-expr","locations":[{"start":{"line":254,"column":13},"end":{"line":254,"column":63}},{"start":{"line":255,"column":13},"end":{"line":265,"column":59}}]},"27":{"loc":{"start":{"line":255,"column":13},"end":{"line":265,"column":59}},"type":"cond-expr","locations":[{"start":{"line":256,"column":13},"end":{"line":256,"column":39}},{"start":{"line":257,"column":13},"end":{"line":265,"column":59}}]},"28":{"loc":{"start":{"line":257,"column":13},"end":{"line":265,"column":59}},"type":"cond-expr","locations":[{"start":{"line":258,"column":13},"end":{"line":258,"column":50}},{"start":{"line":259,"column":13},"end":{"line":265,"column":59}}]},"29":{"loc":{"start":{"line":259,"column":13},"end":{"line":265,"column":59}},"type":"cond-expr","locations":[{"start":{"line":260,"column":13},"end":{"line":260,"column":69}},{"start":{"line":261,"column":13},"end":{"line":265,"column":59}}]},"30":{"loc":{"start":{"line":261,"column":13},"end":{"line":265,"column":59}},"type":"cond-expr","locations":[{"start":{"line":262,"column":13},"end":{"line":262,"column":45}},{"start":{"line":263,"column":13},"end":{"line":265,"column":59}}]},"31":{"loc":{"start":{"line":263,"column":13},"end":{"line":265,"column":59}},"type":"cond-expr","locations":[{"start":{"line":264,"column":13},"end":{"line":264,"column":44}},{"start":{"line":265,"column":13},"end":{"line":265,"column":59}}]},"32":{"loc":{"start":{"line":269,"column":4},"end":{"line":282,"column":null}},"type":"if","locations":[{"start":{"line":269,"column":4},"end":{"line":282,"column":null}},{"start":{"line":271,"column":11},"end":{"line":282,"column":null}}]},"33":{"loc":{"start":{"line":271,"column":11},"end":{"line":282,"column":null}},"type":"if","locations":[{"start":{"line":271,"column":11},"end":{"line":282,"column":null}},{"start":{"line":280,"column":11},"end":{"line":282,"column":null}}]},"34":{"loc":{"start":{"line":277,"column":15},"end":{"line":279,"column":26}},"type":"cond-expr","locations":[{"start":{"line":278,"column":17},"end":{"line":278,"column":45}},{"start":{"line":279,"column":17},"end":{"line":279,"column":26}}]},"35":{"loc":{"start":{"line":290,"column":11},"end":{"line":292,"column":62}},"type":"cond-expr","locations":[{"start":{"line":291,"column":13},"end":{"line":291,"column":61}},{"start":{"line":292,"column":13},"end":{"line":292,"column":62}}]},"36":{"loc":{"start":{"line":296,"column":4},"end":{"line":308,"column":null}},"type":"if","locations":[{"start":{"line":296,"column":4},"end":{"line":308,"column":null}},{"start":{"line":298,"column":11},"end":{"line":308,"column":null}}]},"37":{"loc":{"start":{"line":298,"column":11},"end":{"line":308,"column":null}},"type":"if","locations":[{"start":{"line":298,"column":11},"end":{"line":308,"column":null}},{"start":{"line":300,"column":11},"end":{"line":308,"column":null}}]},"38":{"loc":{"start":{"line":303,"column":8},"end":{"line":307,"column":null}},"type":"if","locations":[{"start":{"line":303,"column":8},"end":{"line":307,"column":null}},{"start":{"line":305,"column":15},"end":{"line":307,"column":null}}]},"39":{"loc":{"start":{"line":312,"column":11},"end":{"line":319,"column":17}},"type":"cond-expr","locations":[{"start":{"line":313,"column":13},"end":{"line":316,"column":60}},{"start":{"line":317,"column":13},"end":{"line":319,"column":17}}]},"40":{"loc":{"start":{"line":317,"column":13},"end":{"line":319,"column":17}},"type":"cond-expr","locations":[{"start":{"line":318,"column":13},"end":{"line":318,"column":48}},{"start":{"line":319,"column":13},"end":{"line":319,"column":17}}]},"41":{"loc":{"start":{"line":357,"column":11},"end":{"line":357,"column":60}},"type":"binary-expr","locations":[{"start":{"line":357,"column":11},"end":{"line":357,"column":29}},{"start":{"line":357,"column":33},"end":{"line":357,"column":60}}]},"42":{"loc":{"start":{"line":394,"column":11},"end":{"line":395,"column":60}},"type":"binary-expr","locations":[{"start":{"line":394,"column":11},"end":{"line":394,"column":60}},{"start":{"line":395,"column":11},"end":{"line":395,"column":60}}]},"43":{"loc":{"start":{"line":494,"column":11},"end":{"line":495,"column":52}},"type":"binary-expr","locations":[{"start":{"line":494,"column":11},"end":{"line":494,"column":51}},{"start":{"line":495,"column":11},"end":{"line":495,"column":52}}]},"44":{"loc":{"start":{"line":520,"column":11},"end":{"line":525,"column":62}},"type":"cond-expr","locations":[{"start":{"line":521,"column":13},"end":{"line":522,"column":61}},{"start":{"line":523,"column":13},"end":{"line":525,"column":62}}]},"45":{"loc":{"start":{"line":541,"column":11},"end":{"line":543,"column":51}},"type":"cond-expr","locations":[{"start":{"line":542,"column":13},"end":{"line":542,"column":14}},{"start":{"line":543,"column":13},"end":{"line":543,"column":51}}]},"46":{"loc":{"start":{"line":593,"column":11},"end":{"line":601,"column":35}},"type":"cond-expr","locations":[{"start":{"line":594,"column":13},"end":{"line":594,"column":54}},{"start":{"line":595,"column":13},"end":{"line":601,"column":35}}]},"47":{"loc":{"start":{"line":595,"column":13},"end":{"line":601,"column":35}},"type":"cond-expr","locations":[{"start":{"line":596,"column":13},"end":{"line":598,"column":35}},{"start":{"line":599,"column":13},"end":{"line":601,"column":35}}]},"48":{"loc":{"start":{"line":607,"column":19},"end":{"line":611,"column":63}},"type":"cond-expr","locations":[{"start":{"line":608,"column":21},"end":{"line":608,"column":40}},{"start":{"line":609,"column":21},"end":{"line":611,"column":63}}]},"49":{"loc":{"start":{"line":607,"column":19},"end":{"line":607,"column":52}},"type":"binary-expr","locations":[{"start":{"line":607,"column":19},"end":{"line":607,"column":35}},{"start":{"line":607,"column":39},"end":{"line":607,"column":52}}]},"50":{"loc":{"start":{"line":609,"column":21},"end":{"line":611,"column":63}},"type":"cond-expr","locations":[{"start":{"line":610,"column":21},"end":{"line":610,"column":31}},{"start":{"line":611,"column":21},"end":{"line":611,"column":63}}]},"51":{"loc":{"start":{"line":613,"column":8},"end":{"line":618,"column":null}},"type":"if","locations":[{"start":{"line":613,"column":8},"end":{"line":618,"column":null}},{"start":{"line":615,"column":15},"end":{"line":618,"column":null}}]},"52":{"loc":{"start":{"line":626,"column":19},"end":{"line":630,"column":63}},"type":"cond-expr","locations":[{"start":{"line":627,"column":21},"end":{"line":627,"column":40}},{"start":{"line":628,"column":21},"end":{"line":630,"column":63}}]},"53":{"loc":{"start":{"line":626,"column":19},"end":{"line":626,"column":52}},"type":"binary-expr","locations":[{"start":{"line":626,"column":19},"end":{"line":626,"column":35}},{"start":{"line":626,"column":39},"end":{"line":626,"column":52}}]},"54":{"loc":{"start":{"line":628,"column":21},"end":{"line":630,"column":63}},"type":"cond-expr","locations":[{"start":{"line":629,"column":21},"end":{"line":629,"column":40}},{"start":{"line":630,"column":21},"end":{"line":630,"column":63}}]},"55":{"loc":{"start":{"line":632,"column":8},"end":{"line":637,"column":null}},"type":"if","locations":[{"start":{"line":632,"column":8},"end":{"line":637,"column":null}},{"start":{"line":634,"column":15},"end":{"line":637,"column":null}}]},"56":{"loc":{"start":{"line":709,"column":11},"end":{"line":716,"column":30}},"type":"cond-expr","locations":[{"start":{"line":710,"column":13},"end":{"line":710,"column":34}},{"start":{"line":711,"column":13},"end":{"line":716,"column":30}}]},"57":{"loc":{"start":{"line":711,"column":13},"end":{"line":716,"column":30}},"type":"cond-expr","locations":[{"start":{"line":712,"column":13},"end":{"line":712,"column":35}},{"start":{"line":713,"column":13},"end":{"line":716,"column":30}}]},"58":{"loc":{"start":{"line":713,"column":13},"end":{"line":716,"column":30}},"type":"cond-expr","locations":[{"start":{"line":714,"column":13},"end":{"line":715,"column":48}},{"start":{"line":716,"column":13},"end":{"line":716,"column":30}}]},"59":{"loc":{"start":{"line":734,"column":4},"end":{"line":750,"column":null}},"type":"if","locations":[{"start":{"line":734,"column":4},"end":{"line":750,"column":null}},{"start":{"line":736,"column":11},"end":{"line":750,"column":null}}]}},"s":{"0":1,"1":1,"2":1,"3":0,"4":0,"5":0,"6":0,"7":0,"8":0,"9":0,"10":0,"11":0,"12":0,"13":0,"14":0,"15":0,"16":0,"17":0,"18":0,"19":0,"20":0,"21":0,"22":0,"23":0,"24":0,"25":0,"26":0,"27":0,"28":0,"29":0,"30":0,"31":0,"32":0,"33":0,"34":0,"35":0,"36":0,"37":0,"38":0,"39":0,"40":1,"41":167,"42":1,"43":31,"44":21,"45":10,"46":10,"47":10,"48":0,"49":31,"50":53,"51":10,"52":2,"53":0,"54":2,"55":1,"56":1,"57":1,"58":0,"59":1,"60":6,"61":1,"62":1,"63":1,"64":1,"65":1,"66":4,"67":4,"68":1,"69":10,"70":1,"71":1,"72":1,"73":4,"74":4,"75":716,"76":167,"77":27,"78":0,"79":140,"80":21,"81":67,"82":1,"83":1,"84":1,"85":10,"86":8,"87":4,"88":3,"89":23,"90":3,"91":3,"92":3,"93":8,"94":3,"95":3,"96":3,"97":3,"98":18,"99":10,"100":33,"101":10,"102":8,"103":2,"104":26,"105":2,"106":2,"107":1,"108":2,"109":2,"110":19,"111":1,"112":0,"113":54,"114":75,"115":54,"116":21,"117":21,"118":21,"119":21,"120":21,"121":21,"122":85,"123":31,"124":31,"125":10,"126":0,"127":3,"128":10,"129":10,"130":10,"131":10,"132":10,"133":11,"134":10,"135":181,"136":181,"137":1,"138":15,"139":181,"140":181,"141":15,"142":1,"143":574,"144":175,"145":0,"146":175,"147":175,"148":55,"149":7,"150":6,"151":0,"152":6,"153":6,"154":5,"155":31,"156":21,"157":1,"158":2,"159":9,"160":0,"161":0,"162":0,"163":0,"164":0,"165":0,"166":0,"167":0,"168":10,"169":0,"170":0,"171":1,"172":1,"173":21,"174":1,"175":1,"176":1,"177":5,"178":21,"179":1,"180":1,"181":0,"182":0,"183":0,"184":0,"185":1,"186":1,"187":0,"188":0,"189":0,"190":0,"191":0,"192":0,"193":0,"194":0,"195":0,"196":0,"197":1},"f":{"0":0,"1":0,"2":0,"3":0,"4":0,"5":0,"6":0,"7":0,"8":0,"9":0,"10":0,"11":0,"12":0,"13":0,"14":0,"15":0,"16":0,"17":0,"18":0,"19":0,"20":0,"21":0,"22":0,"23":0,"24":0,"25":0,"26":0,"27":0,"28":0,"29":0,"30":0,"31":0,"32":0,"33":167,"34":31,"35":31,"36":53,"37":10,"38":2,"39":6,"40":1,"41":4,"42":4,"43":10,"44":1,"45":4,"46":716,"47":167,"48":27,"49":0,"50":140,"51":21,"52":67,"53":1,"54":1,"55":1,"56":10,"57":8,"58":4,"59":3,"60":23,"61":3,"62":3,"63":3,"64":8,"65":3,"66":3,"67":3,"68":3,"69":18,"70":10,"71":33,"72":10,"73":8,"74":2,"75":26,"76":2,"77":2,"78":1,"79":2,"80":2,"81":19,"82":1,"83":0,"84":54,"85":75,"86":54,"87":21,"88":21,"89":21,"90":21,"91":21,"92":85,"93":31,"94":31,"95":10,"96":0,"97":3,"98":10,"99":10,"100":10,"101":10,"102":10,"103":11,"104":10,"105":181,"106":181,"107":15,"108":181,"109":181,"110":15,"111":55,"112":175,"113":574,"114":5,"115":6,"116":7,"117":31,"118":21,"119":2,"120":9,"121":0,"122":0,"123":0,"124":0,"125":0,"126":0,"127":0,"128":0,"129":10,"130":0,"131":0,"132":21,"133":5,"134":21,"135":1,"136":0,"137":0,"138":0,"139":0},"b":{"0":[0,0,0,0,0,0],"1":[0,0,0,0,0,0,0],"2":[0,0],"3":[0,0],"4":[0,0],"5":[0,0],"6":[0,0],"7":[0,0],"8":[0,0],"9":[0,0],"10":[0,0],"11":[0,0],"12":[0,0],"13":[0,0],"14":[0,0],"15":[0,0],"16":[0,0],"17":[0,0],"18":[0,0],"19":[0,0],"20":[27,140],"21":[55,85],"22":[31,54],"23":[21,33],"24":[10,23],"25":[3,20],"26":[1,19],"27":[1,18],"28":[10,8],"29":[3,5],"30":[4,1],"31":[1,0],"32":[21,10],"33":[10,0],"34":[10,0],"35":[8,2],"36":[0,2],"37":[1,1],"38":[0,1],"39":[1,5],"40":[4,1],"41":[716,715],"42":[10,5],"43":[54,54],"44":[0,21],"45":[10,0],"46":[15,0],"47":[0,0],"48":[120,454],"49":[574,454],"50":[55,399],"51":[0,175],"52":[1,6],"53":[7,6],"54":[5,1],"55":[0,6],"56":[0,0],"57":[0,0],"58":[0,0],"59":[0,0]}}
}
