TN:
SF:src\mce.js
FN:14,tagged_list_to_record
FN:15,is_statement
FN:21,is_expression
FN:27,is_tagged_list
FN:30,is_literal
FN:33,is_name
FN:36,is_assignment
FN:39,is_declaration
FN:43,is_lambda_expression
FN:46,is_function_declaration
FN:49,is_return_statement
FN:52,is_conditional
FN:55,is_sequence
FN:58,is_block
FN:61,is_operator_combination
FN:65,is_unary_operator_combination
FN:68,is_binary_operator_combination
FN:71,is_application
FN:75,transform_name
FN:78,transform_literal
FN:81,transform_application
FN:84,transform_operator_combination
FN:92,transform_conditional
FN:97,transform_lambda
FN:101,transform_sequence
FN:104,transform_block
FN:107,transform_return_statement
FN:110,transform_function_declaration
FN:116,transform_declaration
FN:120,transform_assignment
FN:124,transform_component
FN:131,transform_statement
FN:146,transform_expression
FN:166,evaluate
FN:193,apply
FN:207,list_of_values
FN:208,(anonymous_36)
FN:210,eval_conditional
FN:215,eval_sequence
FN:232,scan_out_declarations
FN:239,eval_block
FN:245,list_of_unassigned
FN:246,(anonymous_42)
FN:248,eval_return_statement
FN:251,eval_assignment
FN:256,eval_declaration
FN:261,is_tagged_list
FN:264,is_tagged_record
FN:267,is_literal
FN:270,literal_value
FN:273,make_literal
FN:276,is_name
FN:279,make_name
FN:282,symbol_of_name
FN:285,is_assignment
FN:288,assignment_symbol
FN:291,assignment_value_expression
FN:294,is_declaration
FN:298,declaration_symbol
FN:301,declaration_value_expression
FN:309,make_constant_declaration
FN:312,is_lambda_expression
FN:315,lambda_parameter_symbols
FN:318,lambda_body
FN:321,make_lambda_expression
FN:324,is_function_declaration
FN:327,function_declaration_name
FN:330,function_declaration_parameters
FN:333,function_declaration_body
FN:336,function_decl_to_constant_decl
FN:339,is_return_statement
FN:342,return_expression
FN:345,is_conditional
FN:348,conditional_predicate
FN:351,conditional_consequent
FN:354,conditional_alternative
FN:357,is_sequence
FN:360,sequence_statements
FN:363,first_statement
FN:366,rest_statements
FN:369,is_empty_sequence
FN:372,is_last_statement
FN:375,is_block
FN:378,block_body
FN:381,make_block
FN:384,is_operator_combination
FN:388,is_unary_operator_combination
FN:391,is_binary_operator_combination
FN:394,operator_symbol
FN:397,first_operand
FN:405,second_operand
FN:408,make_application
FN:411,operator_combination_to_application
FN:417,is_application
FN:420,function_expression
FN:423,arg_expressions
FN:427,is_truthy
FN:432,is_falsy
FN:433,make_function
FN:436,is_compound_function
FN:439,function_parameters
FN:442,function_body
FN:445,function_environment
FN:448,make_return_value
FN:451,is_return_value
FN:454,return_value_content
FN:457,enclosing_environment
FN:460,first_frame
FN:462,make_frame
FN:465,frame_symbols
FN:466,frame_values
FN:467,extend_environment
FN:478,lookup_symbol_value
FN:479,env_loop
FN:480,scan
FN:497,assign_symbol_value
FN:498,env_loop
FN:499,scan
FN:517,is_primitive_function
FN:520,primitive_implementation
FN:521,(anonymous_120)
FN:521,(anonymous_121)
FN:521,(anonymous_122)
FN:521,(anonymous_123)
FN:521,(anonymous_124)
FN:521,(anonymous_125)
FN:521,(anonymous_126)
FN:521,(anonymous_127)
FN:521,(anonymous_128)
FN:521,(anonymous_129)
FN:521,(anonymous_130)
FN:521,(anonymous_131)
FN:521,(anonymous_132)
FN:523,(anonymous_133)
FN:526,(anonymous_134)
FN:527,apply_primitive_function
FN:530,setup_environment
FN:533,to_string
FN:543,user_print
FN:546,user_read
FN:552,driver_loop
FNF:141
FNH:122
FNDA:16,tagged_list_to_record
FNDA:10,is_statement
FNDA:28,is_expression
FNDA:152,is_tagged_list
FNDA:46,is_literal
FNDA:30,is_name
FNDA:1,is_assignment
FNDA:2,is_declaration
FNDA:0,is_lambda_expression
FNDA:5,is_function_declaration
FNDA:8,is_return_statement
FNDA:3,is_conditional
FNDA:10,is_sequence
FNDA:9,is_block
FNDA:11,is_operator_combination
FNDA:11,is_unary_operator_combination
FNDA:11,is_binary_operator_combination
FNDA:15,is_application
FNDA:24,transform_name
FNDA:16,transform_literal
FNDA:4,transform_application
FNDA:8,transform_operator_combination
FNDA:3,transform_conditional
FNDA:0,transform_lambda
FNDA:1,transform_sequence
FNDA:1,transform_block
FNDA:3,transform_return_statement
FNDA:3,transform_function_declaration
FNDA:1,transform_declaration
FNDA:1,transform_assignment
FNDA:28,transform_component
FNDA:10,transform_statement
FNDA:46,transform_expression
FNDA:167,evaluate
FNDA:31,apply
FNDA:31,list_of_values
FNDA:53,(anonymous_36)
FNDA:10,eval_conditional
FNDA:2,eval_sequence
FNDA:6,scan_out_declarations
FNDA:1,eval_block
FNDA:4,list_of_unassigned
FNDA:4,(anonymous_42)
FNDA:10,eval_return_statement
FNDA:1,eval_assignment
FNDA:4,eval_declaration
FNDA:52,is_tagged_list
FNDA:664,is_tagged_record
FNDA:167,is_literal
FNDA:27,literal_value
FNDA:0,make_literal
FNDA:140,is_name
FNDA:21,make_name
FNDA:67,symbol_of_name
FNDA:1,is_assignment
FNDA:1,assignment_symbol
FNDA:1,assignment_value_expression
FNDA:10,is_declaration
FNDA:8,declaration_symbol
FNDA:4,declaration_value_expression
FNDA:3,make_constant_declaration
FNDA:23,is_lambda_expression
FNDA:3,lambda_parameter_symbols
FNDA:3,lambda_body
FNDA:3,make_lambda_expression
FNDA:8,is_function_declaration
FNDA:3,function_declaration_name
FNDA:3,function_declaration_parameters
FNDA:3,function_declaration_body
FNDA:3,function_decl_to_constant_decl
FNDA:18,is_return_statement
FNDA:10,return_expression
FNDA:33,is_conditional
FNDA:10,conditional_predicate
FNDA:8,conditional_consequent
FNDA:2,conditional_alternative
FNDA:26,is_sequence
FNDA:2,sequence_statements
FNDA:2,first_statement
FNDA:1,rest_statements
FNDA:2,is_empty_sequence
FNDA:2,is_last_statement
FNDA:19,is_block
FNDA:1,block_body
FNDA:0,make_block
FNDA:54,is_operator_combination
FNDA:75,is_unary_operator_combination
FNDA:54,is_binary_operator_combination
FNDA:21,operator_symbol
FNDA:21,first_operand
FNDA:21,second_operand
FNDA:21,make_application
FNDA:21,operator_combination_to_application
FNDA:85,is_application
FNDA:31,function_expression
FNDA:31,arg_expressions
FNDA:10,is_truthy
FNDA:0,is_falsy
FNDA:3,make_function
FNDA:10,is_compound_function
FNDA:10,function_parameters
FNDA:10,function_body
FNDA:10,function_environment
FNDA:10,make_return_value
FNDA:11,is_return_value
FNDA:10,return_value_content
FNDA:181,enclosing_environment
FNDA:181,first_frame
FNDA:15,make_frame
FNDA:181,frame_symbols
FNDA:181,frame_values
FNDA:15,extend_environment
FNDA:55,lookup_symbol_value
FNDA:175,env_loop
FNDA:574,scan
FNDA:5,assign_symbol_value
FNDA:6,env_loop
FNDA:7,scan
FNDA:31,is_primitive_function
FNDA:21,primitive_implementation
FNDA:2,(anonymous_120)
FNDA:9,(anonymous_121)
FNDA:0,(anonymous_122)
FNDA:0,(anonymous_123)
FNDA:0,(anonymous_124)
FNDA:0,(anonymous_125)
FNDA:0,(anonymous_126)
FNDA:0,(anonymous_127)
FNDA:0,(anonymous_128)
FNDA:0,(anonymous_129)
FNDA:10,(anonymous_130)
FNDA:0,(anonymous_131)
FNDA:0,(anonymous_132)
FNDA:21,(anonymous_133)
FNDA:5,(anonymous_134)
FNDA:21,apply_primitive_function
FNDA:1,setup_environment
FNDA:0,to_string
FNDA:0,user_print
FNDA:0,user_read
FNDA:0,driver_loop
DA:2,1
DA:3,1
DA:4,1
DA:5,1
DA:6,1
DA:7,1
DA:8,1
DA:9,1
DA:10,1
DA:11,1
DA:12,1
DA:16,10
DA:17,10
DA:22,28
DA:23,28
DA:28,152
DA:31,46
DA:34,30
DA:37,1
DA:40,2
DA:44,0
DA:47,5
DA:50,8
DA:53,3
DA:56,10
DA:59,9
DA:62,11
DA:66,11
DA:69,11
DA:72,15
DA:76,24
DA:79,16
DA:82,4
DA:85,8
DA:86,8
DA:87,8
DA:93,3
DA:98,0
DA:102,1
DA:105,1
DA:108,3
DA:111,3
DA:117,1
DA:121,1
DA:125,28
DA:132,10
DA:147,46
DA:161,16
DA:167,167
DA:194,31
DA:195,21
DA:197,10
DA:198,10
DA:199,10
DA:204,0
DA:208,53
DA:211,10
DA:216,2
DA:217,0
DA:219,2
DA:220,1
DA:223,1
DA:224,1
DA:225,0
DA:228,1
DA:233,6
DA:240,1
DA:241,1
DA:242,1
DA:243,1
DA:246,4
DA:249,10
DA:252,1
DA:253,1
DA:254,1
DA:257,4
DA:258,4
DA:262,52
DA:265,664
DA:268,167
DA:271,27
DA:274,0
DA:277,140
DA:280,21
DA:283,67
DA:286,1
DA:289,1
DA:292,1
DA:295,10
DA:299,8
DA:302,4
DA:303,4
DA:306,0
DA:310,3
DA:313,23
DA:316,3
DA:319,3
DA:322,3
DA:325,8
DA:328,3
DA:331,3
DA:334,3
DA:337,3
DA:340,18
DA:343,10
DA:346,33
DA:349,10
DA:352,8
DA:355,2
DA:358,26
DA:361,2
DA:364,2
DA:367,1
DA:370,2
DA:373,2
DA:376,19
DA:379,1
DA:382,0
DA:385,54
DA:389,75
DA:392,54
DA:395,21
DA:398,21
DA:399,0
DA:402,21
DA:406,21
DA:409,21
DA:412,21
DA:413,21
DA:418,85
DA:421,31
DA:424,31
DA:428,10
DA:432,0
DA:434,3
DA:437,10
DA:440,10
DA:443,10
DA:446,10
DA:449,10
DA:452,11
DA:455,10
DA:458,181
DA:460,181
DA:461,1
DA:463,15
DA:465,181
DA:466,181
DA:468,15
DA:481,574
DA:487,175
DA:488,0
DA:491,175
DA:492,175
DA:495,55
DA:500,7
DA:506,6
DA:507,0
DA:510,6
DA:511,6
DA:514,5
DA:518,31
DA:520,21
DA:521,10
DA:522,1
DA:523,21
DA:524,1
DA:525,1
DA:526,5
DA:528,21
DA:531,1
DA:534,0
DA:544,0
DA:547,0
DA:548,0
DA:550,1
DA:551,1
DA:553,0
DA:554,0
DA:555,0
DA:558,0
DA:560,0
DA:561,0
DA:562,0
DA:563,0
DA:564,0
DA:569,0
LF:187
LH:161
BRDA:17,0,0,10
BRDA:17,0,1,9
BRDA:17,0,2,8
BRDA:17,0,3,5
BRDA:17,0,4,4
BRDA:17,0,5,3
BRDA:23,1,0,28
BRDA:23,1,1,27
BRDA:23,1,2,27
BRDA:23,1,3,25
BRDA:23,1,4,17
BRDA:23,1,5,13
BRDA:23,1,6,13
BRDA:28,2,0,152
BRDA:28,2,1,152
BRDA:40,3,0,2
BRDA:40,3,1,1
BRDA:62,4,0,11
BRDA:62,4,1,11
BRDA:87,5,0,0
BRDA:87,5,1,8
BRDA:125,6,0,18
BRDA:125,6,1,10
BRDA:127,7,0,10
BRDA:127,7,1,0
BRDA:132,8,0,1
BRDA:132,8,1,9
BRDA:134,9,0,1
BRDA:134,9,1,8
BRDA:136,10,0,3
BRDA:136,10,1,5
BRDA:138,11,0,3
BRDA:138,11,1,2
BRDA:140,12,0,1
BRDA:140,12,1,1
BRDA:142,13,0,1
BRDA:142,13,1,0
BRDA:147,14,0,16
BRDA:147,14,1,30
BRDA:149,15,0,15
BRDA:149,15,1,15
BRDA:151,16,0,4
BRDA:151,16,1,11
BRDA:153,17,0,8
BRDA:153,17,1,3
BRDA:155,18,0,3
BRDA:155,18,1,0
BRDA:157,19,0,0
BRDA:157,19,1,0
BRDA:167,20,0,27
BRDA:167,20,1,140
BRDA:169,21,0,55
BRDA:169,21,1,85
BRDA:171,22,0,31
BRDA:171,22,1,54
BRDA:173,23,0,21
BRDA:173,23,1,33
BRDA:175,24,0,10
BRDA:175,24,1,23
BRDA:177,25,0,3
BRDA:177,25,1,20
BRDA:179,26,0,1
BRDA:179,26,1,19
BRDA:181,27,0,1
BRDA:181,27,1,18
BRDA:183,28,0,10
BRDA:183,28,1,8
BRDA:185,29,0,3
BRDA:185,29,1,5
BRDA:187,30,0,4
BRDA:187,30,1,1
BRDA:189,31,0,1
BRDA:189,31,1,0
BRDA:194,32,0,21
BRDA:194,32,1,10
BRDA:197,33,0,10
BRDA:197,33,1,0
BRDA:199,34,0,10
BRDA:199,34,1,0
BRDA:211,35,0,8
BRDA:211,35,1,2
BRDA:216,36,0,0
BRDA:216,36,1,2
BRDA:219,37,0,1
BRDA:219,37,1,1
BRDA:224,38,0,0
BRDA:224,38,1,1
BRDA:233,39,0,1
BRDA:233,39,1,5
BRDA:235,40,0,4
BRDA:235,40,1,1
BRDA:262,41,0,52
BRDA:262,41,1,51
BRDA:265,42,0,0
BRDA:265,42,1,664
BRDA:295,43,0,10
BRDA:295,43,1,5
BRDA:302,44,0,4
BRDA:302,44,1,0
BRDA:385,45,0,54
BRDA:385,45,1,54
BRDA:398,46,0,0
BRDA:398,46,1,21
BRDA:413,47,0,0
BRDA:413,47,1,21
BRDA:428,48,0,10
BRDA:428,48,1,0
BRDA:468,49,0,15
BRDA:468,49,1,0
BRDA:470,50,0,0
BRDA:470,50,1,0
BRDA:481,51,0,120
BRDA:481,51,1,454
BRDA:481,52,0,574
BRDA:481,52,1,454
BRDA:483,53,0,55
BRDA:483,53,1,399
BRDA:487,54,0,0
BRDA:487,54,1,175
BRDA:500,55,0,1
BRDA:500,55,1,6
BRDA:500,56,0,7
BRDA:500,56,1,6
BRDA:502,57,0,5
BRDA:502,57,1,1
BRDA:506,58,0,0
BRDA:506,58,1,6
BRDA:534,59,0,0
BRDA:534,59,1,0
BRDA:536,60,0,0
BRDA:536,60,1,0
BRDA:538,61,0,0
BRDA:538,61,1,0
BRDA:554,62,0,0
BRDA:554,62,1,0
BRF:135
BRH:106
end_of_record
