TN:
SF:src\mce.js
FN:14,tagged_list_to_record
FN:15,is_statement
FN:21,is_expression
FN:27,is_tagged_list
FN:30,is_literal
FN:33,is_name
FN:36,is_assignment
FN:39,is_declaration
FN:43,is_lambda_expression
FN:46,is_function_declaration
FN:49,is_return_statement
FN:52,is_conditional
FN:55,is_sequence
FN:58,is_block
FN:61,is_operator_combination
FN:65,is_unary_operator_combination
FN:68,is_binary_operator_combination
FN:71,is_application
FN:75,transform_name
FN:78,transform_literal
FN:81,transform_application
FN:84,transform_operator_combination
FN:92,transform_conditional
FN:97,transform_lambda
FN:101,transform_sequence
FN:104,transform_block
FN:107,transform_return_statement
FN:110,transform_function_declaration
FN:116,transform_declaration
FN:120,transform_assignment
FN:124,transform_component
FN:131,transform_statement
FN:146,transform_expression
FN:166,evaluate
FN:193,apply
FN:207,list_of_values
FN:208,(anonymous_36)
FN:210,eval_conditional
FN:215,eval_sequence
FN:232,scan_out_declarations
FN:239,eval_block
FN:245,list_of_unassigned
FN:246,(anonymous_42)
FN:248,eval_return_statement
FN:251,eval_assignment
FN:256,eval_declaration
FN:261,is_tagged_list
FN:264,is_tagged_record
FN:267,is_literal
FN:270,literal_value
FN:273,make_literal
FN:276,is_name
FN:279,make_name
FN:282,symbol_of_name
FN:285,is_assignment
FN:288,assignment_symbol
FN:291,assignment_value_expression
FN:294,is_declaration
FN:298,declaration_symbol
FN:301,declaration_value_expression
FN:309,make_constant_declaration
FN:312,is_lambda_expression
FN:315,lambda_parameter_symbols
FN:318,lambda_body
FN:321,make_lambda_expression
FN:324,is_function_declaration
FN:327,function_declaration_name
FN:330,function_declaration_parameters
FN:333,function_declaration_body
FN:336,function_decl_to_constant_decl
FN:339,is_return_statement
FN:342,return_expression
FN:345,is_conditional
FN:348,conditional_predicate
FN:351,conditional_consequent
FN:354,conditional_alternative
FN:357,is_sequence
FN:360,sequence_statements
FN:363,first_statement
FN:366,rest_statements
FN:369,is_empty_sequence
FN:372,is_last_statement
FN:375,is_block
FN:378,block_body
FN:381,make_block
FN:384,is_operator_combination
FN:388,is_unary_operator_combination
FN:391,is_binary_operator_combination
FN:394,operator_symbol
FN:397,first_operand
FN:405,second_operand
FN:408,make_application
FN:411,operator_combination_to_application
FN:417,is_application
FN:420,function_expression
FN:423,arg_expressions
FN:427,is_truthy
FN:432,is_falsy
FN:433,make_function
FN:436,is_compound_function
FN:439,function_parameters
FN:442,function_body
FN:445,function_environment
FN:448,make_return_value
FN:451,is_return_value
FN:454,return_value_content
FN:457,enclosing_environment
FN:460,first_frame
FN:462,make_frame
FN:465,frame_symbols
FN:466,frame_values
FN:467,extend_environment
FN:478,lookup_symbol_value
FN:479,env_loop
FN:480,scan
FN:497,assign_symbol_value
FN:498,env_loop
FN:499,scan
FN:517,is_primitive_function
FN:520,primitive_implementation
FN:521,(anonymous_120)
FN:521,(anonymous_121)
FN:521,(anonymous_122)
FN:521,(anonymous_123)
FN:521,(anonymous_124)
FN:521,(anonymous_125)
FN:521,(anonymous_126)
FN:521,(anonymous_127)
FN:521,(anonymous_128)
FN:521,(anonymous_129)
FN:521,(anonymous_130)
FN:521,(anonymous_131)
FN:521,(anonymous_132)
FN:523,(anonymous_133)
FN:526,(anonymous_134)
FN:527,apply_primitive_function
FN:530,setup_environment
FN:533,to_string
FN:543,user_print
FN:546,user_read
FN:552,driver_loop
FNF:141
FNH:104
FNDA:9,tagged_list_to_record
FNDA:3,is_statement
FNDA:12,is_expression
FNDA:56,is_tagged_list
FNDA:19,is_literal
FNDA:11,is_name
FNDA:0,is_assignment
FNDA:1,is_declaration
FNDA:0,is_lambda_expression
FNDA:2,is_function_declaration
FNDA:3,is_return_statement
FNDA:1,is_conditional
FNDA:3,is_sequence
FNDA:3,is_block
FNDA:4,is_operator_combination
FNDA:4,is_unary_operator_combination
FNDA:4,is_binary_operator_combination
FNDA:5,is_application
FNDA:10,transform_name
FNDA:8,transform_literal
FNDA:1,transform_application
FNDA:3,transform_operator_combination
FNDA:1,transform_conditional
FNDA:0,transform_lambda
FNDA:0,transform_sequence
FNDA:0,transform_block
FNDA:1,transform_return_statement
FNDA:1,transform_function_declaration
FNDA:1,transform_declaration
FNDA:0,transform_assignment
FNDA:12,transform_component
FNDA:3,transform_statement
FNDA:19,transform_expression
FNDA:29,evaluate
FNDA:4,apply
FNDA:4,list_of_values
FNDA:8,(anonymous_36)
FNDA:1,eval_conditional
FNDA:0,eval_sequence
FNDA:2,scan_out_declarations
FNDA:0,eval_block
FNDA:2,list_of_unassigned
FNDA:2,(anonymous_42)
FNDA:1,eval_return_statement
FNDA:0,eval_assignment
FNDA:2,eval_declaration
FNDA:6,is_tagged_list
FNDA:118,is_tagged_record
FNDA:29,is_literal
FNDA:7,literal_value
FNDA:0,make_literal
FNDA:22,is_name
FNDA:3,make_name
FNDA:15,symbol_of_name
FNDA:0,is_assignment
FNDA:0,assignment_symbol
FNDA:0,assignment_value_expression
FNDA:4,is_declaration
FNDA:4,declaration_symbol
FNDA:2,declaration_value_expression
FNDA:1,make_constant_declaration
FNDA:5,is_lambda_expression
FNDA:1,lambda_parameter_symbols
FNDA:1,lambda_body
FNDA:1,make_lambda_expression
FNDA:3,is_function_declaration
FNDA:1,function_declaration_name
FNDA:1,function_declaration_parameters
FNDA:1,function_declaration_body
FNDA:1,function_decl_to_constant_decl
FNDA:4,is_return_statement
FNDA:1,return_expression
FNDA:6,is_conditional
FNDA:1,conditional_predicate
FNDA:0,conditional_consequent
FNDA:1,conditional_alternative
FNDA:6,is_sequence
FNDA:0,sequence_statements
FNDA:0,first_statement
FNDA:0,rest_statements
FNDA:0,is_empty_sequence
FNDA:0,is_last_statement
FNDA:4,is_block
FNDA:0,block_body
FNDA:0,make_block
FNDA:9,is_operator_combination
FNDA:12,is_unary_operator_combination
FNDA:9,is_binary_operator_combination
FNDA:3,operator_symbol
FNDA:3,first_operand
FNDA:3,second_operand
FNDA:3,make_application
FNDA:3,operator_combination_to_application
FNDA:13,is_application
FNDA:4,function_expression
FNDA:4,arg_expressions
FNDA:1,is_truthy
FNDA:0,is_falsy
FNDA:1,make_function
FNDA:1,is_compound_function
FNDA:1,function_parameters
FNDA:1,function_body
FNDA:1,function_environment
FNDA:1,make_return_value
FNDA:1,is_return_value
FNDA:1,return_value_content
FNDA:18,enclosing_environment
FNDA:18,first_frame
FNDA:4,make_frame
FNDA:18,frame_symbols
FNDA:18,frame_values
FNDA:4,extend_environment
FNDA:9,lookup_symbol_value
FNDA:16,env_loop
FNDA:59,scan
FNDA:2,assign_symbol_value
FNDA:2,env_loop
FNDA:2,scan
FNDA:4,is_primitive_function
FNDA:3,primitive_implementation
FNDA:2,(anonymous_120)
FNDA:0,(anonymous_121)
FNDA:0,(anonymous_122)
FNDA:0,(anonymous_123)
FNDA:0,(anonymous_124)
FNDA:0,(anonymous_125)
FNDA:0,(anonymous_126)
FNDA:0,(anonymous_127)
FNDA:0,(anonymous_128)
FNDA:0,(anonymous_129)
FNDA:1,(anonymous_130)
FNDA:0,(anonymous_131)
FNDA:0,(anonymous_132)
FNDA:21,(anonymous_133)
FNDA:5,(anonymous_134)
FNDA:3,apply_primitive_function
FNDA:1,setup_environment
FNDA:0,to_string
FNDA:0,user_print
FNDA:0,user_read
FNDA:0,driver_loop
DA:2,1
DA:3,1
DA:4,1
DA:5,1
DA:6,1
DA:7,1
DA:8,1
DA:9,1
DA:10,1
DA:11,1
DA:12,1
DA:16,3
DA:17,3
DA:22,12
DA:23,12
DA:28,56
DA:31,19
DA:34,11
DA:37,0
DA:40,1
DA:44,0
DA:47,2
DA:50,3
DA:53,1
DA:56,3
DA:59,3
DA:62,4
DA:66,4
DA:69,4
DA:72,5
DA:76,10
DA:79,8
DA:82,1
DA:85,3
DA:86,3
DA:87,3
DA:93,1
DA:98,0
DA:102,0
DA:105,0
DA:108,1
DA:111,1
DA:117,1
DA:121,0
DA:125,12
DA:132,3
DA:147,19
DA:161,9
DA:167,29
DA:194,4
DA:195,3
DA:197,1
DA:198,1
DA:199,1
DA:204,0
DA:208,8
DA:211,1
DA:216,0
DA:217,0
DA:219,0
DA:220,0
DA:223,0
DA:224,0
DA:225,0
DA:228,0
DA:233,2
DA:240,0
DA:241,0
DA:242,0
DA:243,0
DA:246,2
DA:249,1
DA:252,0
DA:253,0
DA:254,0
DA:257,2
DA:258,2
DA:262,6
DA:265,118
DA:268,29
DA:271,7
DA:274,0
DA:277,22
DA:280,3
DA:283,15
DA:286,0
DA:289,0
DA:292,0
DA:295,4
DA:299,4
DA:302,2
DA:303,2
DA:306,0
DA:310,1
DA:313,5
DA:316,1
DA:319,1
DA:322,1
DA:325,3
DA:328,1
DA:331,1
DA:334,1
DA:337,1
DA:340,4
DA:343,1
DA:346,6
DA:349,1
DA:352,0
DA:355,1
DA:358,6
DA:361,0
DA:364,0
DA:367,0
DA:370,0
DA:373,0
DA:376,4
DA:379,0
DA:382,0
DA:385,9
DA:389,12
DA:392,9
DA:395,3
DA:398,3
DA:399,0
DA:402,3
DA:406,3
DA:409,3
DA:412,3
DA:413,3
DA:418,13
DA:421,4
DA:424,4
DA:428,1
DA:432,0
DA:434,1
DA:437,1
DA:440,1
DA:443,1
DA:446,1
DA:449,1
DA:452,1
DA:455,1
DA:458,18
DA:460,18
DA:461,1
DA:463,4
DA:465,18
DA:466,18
DA:468,4
DA:481,59
DA:487,16
DA:488,0
DA:491,16
DA:492,16
DA:495,9
DA:500,2
DA:506,2
DA:507,0
DA:510,2
DA:511,2
DA:514,2
DA:518,4
DA:520,3
DA:521,2
DA:522,1
DA:523,21
DA:524,1
DA:525,1
DA:526,5
DA:528,3
DA:531,1
DA:534,0
DA:544,0
DA:547,0
DA:548,0
DA:550,1
DA:551,1
DA:553,0
DA:554,0
DA:555,0
DA:558,0
DA:560,0
DA:561,0
DA:562,0
DA:563,0
DA:564,0
DA:569,0
LF:187
LH:134
BRDA:17,0,0,3
BRDA:17,0,1,3
BRDA:17,0,2,3
BRDA:17,0,3,2
BRDA:17,0,4,1
BRDA:17,0,5,1
BRDA:23,1,0,12
BRDA:23,1,1,11
BRDA:23,1,2,11
BRDA:23,1,3,10
BRDA:23,1,4,5
BRDA:23,1,5,4
BRDA:23,1,6,4
BRDA:28,2,0,56
BRDA:28,2,1,56
BRDA:40,3,0,1
BRDA:40,3,1,0
BRDA:62,4,0,4
BRDA:62,4,1,4
BRDA:87,5,0,0
BRDA:87,5,1,3
BRDA:125,6,0,9
BRDA:125,6,1,3
BRDA:127,7,0,3
BRDA:127,7,1,0
BRDA:132,8,0,0
BRDA:132,8,1,3
BRDA:134,9,0,0
BRDA:134,9,1,3
BRDA:136,10,0,1
BRDA:136,10,1,2
BRDA:138,11,0,1
BRDA:138,11,1,1
BRDA:140,12,0,1
BRDA:140,12,1,0
BRDA:142,13,0,0
BRDA:142,13,1,0
BRDA:147,14,0,8
BRDA:147,14,1,11
BRDA:149,15,0,6
BRDA:149,15,1,5
BRDA:151,16,0,1
BRDA:151,16,1,4
BRDA:153,17,0,3
BRDA:153,17,1,1
BRDA:155,18,0,1
BRDA:155,18,1,0
BRDA:157,19,0,0
BRDA:157,19,1,0
BRDA:167,20,0,7
BRDA:167,20,1,22
BRDA:169,21,0,9
BRDA:169,21,1,13
BRDA:171,22,0,4
BRDA:171,22,1,9
BRDA:173,23,0,3
BRDA:173,23,1,6
BRDA:175,24,0,1
BRDA:175,24,1,5
BRDA:177,25,0,1
BRDA:177,25,1,4
BRDA:179,26,0,0
BRDA:179,26,1,4
BRDA:181,27,0,0
BRDA:181,27,1,4
BRDA:183,28,0,1
BRDA:183,28,1,3
BRDA:185,29,0,1
BRDA:185,29,1,2
BRDA:187,30,0,2
BRDA:187,30,1,0
BRDA:189,31,0,0
BRDA:189,31,1,0
BRDA:194,32,0,3
BRDA:194,32,1,1
BRDA:197,33,0,1
BRDA:197,33,1,0
BRDA:199,34,0,1
BRDA:199,34,1,0
BRDA:211,35,0,0
BRDA:211,35,1,1
BRDA:216,36,0,0
BRDA:216,36,1,0
BRDA:219,37,0,0
BRDA:219,37,1,0
BRDA:224,38,0,0
BRDA:224,38,1,0
BRDA:233,39,0,0
BRDA:233,39,1,2
BRDA:235,40,0,2
BRDA:235,40,1,0
BRDA:262,41,0,6
BRDA:262,41,1,6
BRDA:265,42,0,0
BRDA:265,42,1,118
BRDA:295,43,0,4
BRDA:295,43,1,1
BRDA:302,44,0,2
BRDA:302,44,1,0
BRDA:385,45,0,9
BRDA:385,45,1,9
BRDA:398,46,0,0
BRDA:398,46,1,3
BRDA:413,47,0,0
BRDA:413,47,1,3
BRDA:428,48,0,1
BRDA:428,48,1,0
BRDA:468,49,0,4
BRDA:468,49,1,0
BRDA:470,50,0,0
BRDA:470,50,1,0
BRDA:481,51,0,7
BRDA:481,51,1,52
BRDA:481,52,0,59
BRDA:481,52,1,52
BRDA:483,53,0,9
BRDA:483,53,1,43
BRDA:487,54,0,0
BRDA:487,54,1,16
BRDA:500,55,0,0
BRDA:500,55,1,2
BRDA:500,56,0,2
BRDA:500,56,1,2
BRDA:502,57,0,2
BRDA:502,57,1,0
BRDA:506,58,0,0
BRDA:506,58,1,2
BRDA:534,59,0,0
BRDA:534,59,1,0
BRDA:536,60,0,0
BRDA:536,60,1,0
BRDA:538,61,0,0
BRDA:538,61,1,0
BRDA:554,62,0,0
BRDA:554,62,1,0
BRF:135
BRH:88
end_of_record
